22:23:15 [21138] 系统当前内存占用率(5.4)/CPU占用率(0.0)
22:23:15 [21138] 文件[/home/u1659999/ts.running/(165999901/1)]存在，开始执行...
22:23:15 [21138] fork子进程开始[2019-05-16 22:23:15]
22:23:31 [165999901] Connected(192.168.1.246:59999) OK.
22:23:31 [165999901] 读取60字节
22:23:31 [165999901] (读取数据为:)
  0000:  11 01 00 3c 00 00 00 34 - 00 02 01 03 00 0f 03 84  ...<...4........
  0010:  00 00 00 00 e7 7f 67 24 - 00 f8 b1 0b 46 76 1a fa  ......g$....Fv..
  0020:  79 ef 31 3c 71 0a 7c 4e - bd 1b 78 5e 3b f4 28 61  y.1<q.|N..x^;.(a
  0030:  42 72 f7 8b 14 ed 89 a4 - a3 22 8d 9c              Br......."..
22:23:31 [165999901] 收到服务器的时间:2019-05-16 22:23:31
22:23:31 [165999901] 收到连接间隔=15/采样间隔=900
22:23:31 [165999901] 收到客户端状态请求[intf=认证信息]
22:23:31 [165999901] 发送客户端状态应答[intf=认证信息 len=116(C-0)]
22:23:31 [165999901] 发送116字节
22:23:31 [165999901] (发送数据为:)
  0000:  91 01 00 74 00 00 00 6c - 0d 30 0b 09 96 c5 91 77  ...t...l.0.....w
  0010:  b2 a7 7f 81 26 4b c5 b2 - 72 85 db e1 32 1c cd 69  ....&K..r...2..i
  0020:  cf 53 1e fa 02 a5 8e 42 - bb 9a 8b 51 6f ef bb 5b  .S.....B...Qo..[
  0030:  ef df 31 d9 3b f4 da 3c - 3b b5 1e 6d d1 eb d6 77  ..1.;..<;..m...w
  0040:  f0 23 47 24 b8 d5 66 73 - 66 16 31 c2 e0 80 3a bf  .#G$..fsf.1...:.
  0050:  16 23 c4 15 60 e7 8d 20 - 5c ff c5 7d b2 aa f5 dd  .#..`.. \..}....
  0060:  8e bc b9 06 fa 57 b2 4d - 4d d9 cf 51 55 52 b8 d1  .....W.MM..QUR..
  0070:  47 bc 04 10                                        G...
22:23:31 [165999901] 读取48字节
22:23:31 [165999901] (读取数据为:)
  0000:  11 02 00 08 00 00 00 00 - 11 03 00 08 00 00 00 00  ................
  0010:  11 04 00 08 00 00 00 00 - 11 05 00 08 00 00 00 00  ................
  0020:  11 05 00 08 00 01 00 00 - 11 09 00 08 00 00 00 00  ................
22:23:31 [165999901] 收到客户端状态请求[intf=系统信息]
22:23:31 [165999901] 收到客户端状态请求[intf=配置信息]
22:23:31 [165999901] 收到客户端状态请求[intf=进程信息]
22:23:31 [165999901] 收到客户端状态请求[intf=Ethernet0口信息]
22:23:31 [165999901] 收到客户端状态请求[intf=Ethernet1口信息]
22:23:31 [165999901] 收到客户端状态请求[intf=TServer配置信息]
22:23:31 [165999901] 发送客户端状态应答[intf=系统信息 len=28(C-0)]
22:23:31 [165999901] 发送客户端状态应答[intf=配置信息 len=523(C-0)]
22:23:31 [165999901] 发送客户端状态应答[intf=进程信息 len=1723(C-0)]
22:23:31 [165999901] 发送客户端状态应答[intf=Ethernet0口信息 len=132(C-0)]
22:23:31 [165999901] 发送客户端状态应答[intf=Ethernet1口信息 len=132(C-0)]
22:23:31 [165999901] 发送客户端状态应答[intf=TServer配置信息 len=280(C-0)]
22:23:31 [165999901] 发送2818字节
22:23:31 [165999901] (发送数据为:)
  0000:  91 02 00 1c 00 00 00 14 - 00 00 12 be 00 00 00 00  ................
  0010:  00 00 08 99 00 00 af 96 - 00 00 25 16 91 03 02 0b  ..........%.....
  0020:  00 00 02 03 21 69 6e 74 - 65 72 66 61 63 65 20 65  ....!interface e
  0030:  74 68 65 72 6e 65 74 20 - 30 0d 69 70 20 61 64 64  thernet 0.ip add
  0040:  72 65 73 73 20 31 39 32 - 2e 39 2e 32 30 30 2e 31  ress 192.9.200.1
  0050:  30 30 20 32 35 35 2e 32 - 35 35 2e 32 35 35 2e 30  00 255.255.255.0
  0060:  0d 21 69 6e 74 65 72 66 - 61 63 65 20 61 73 79 6e  .!interface asyn
  0070:  63 20 31 0d 65 6e 63 61 - 70 73 75 6c 61 74 69 6f  c 1.encapsulatio
  0080:  6e 20 74 73 65 72 76 65 - 72 0d 63 6f 6e 66 69 67  n tserver.config
  0090:  20 63 6f 70 79 74 6f 20 - 61 73 79 6e 63 20 32 20   copyto async 2 
  00A0:  2d 20 38 0d 69 67 6e 6f - 72 65 2d 63 64 0d 21 69  - 8.ignore-cd.!i
  00B0:  6e 74 65 72 66 61 63 65 - 20 69 70 74 65 72 6d 20  nterface ipterm 
  00C0:  31 0d 63 6f 6e 66 69 67 - 20 63 6f 70 79 74 6f 20  1.config copyto 
  00D0:  69 70 74 65 72 6d 20 32 - 20 2d 20 32 35 34 0d 69  ipterm 2 - 254.i
  00E0:  70 74 65 72 6d 20 61 64 - 64 72 65 73 73 20 31 39  pterm address 19
  00F0:  32 2e 39 2e 32 30 30 2e - 31 0d 21 74 73 65 72 76  2.9.200.1.!tserv
  0100:  65 72 0d 73 63 72 65 65 - 6e 20 31 20 70 72 6f 74  er.screen 1 prot
  0110:  6f 63 6f 6c 20 79 7a 73 - 73 68 20 70 72 6f 6d 70  ocol yzssh promp
  0120:  74 20 32 31 33 20 72 65 - 6d 6f 74 65 69 70 20 31  t 213 remoteip 1
  0130:  39 32 2e 39 2e 32 30 30 - 2e 32 31 33 0d 73 63 72  92.9.200.213.scr
  0140:  65 65 6e 20 32 20 70 72 - 6f 74 6f 63 6f 6c 20 79  een 2 protocol y
  0150:  7a 73 73 68 20 70 72 6f - 6d 70 74 20 32 31 33 20  zssh prompt 213 
  0160:  72 65 6d 6f 74 65 69 70 - 20 31 39 32 2e 39 2e 32  remoteip 192.9.2
  0170:  30 30 2e 32 31 33 0d 73 - 63 72 65 65 6e 20 33 20  00.213.screen 3 
  0180:  70 72 6f 74 6f 63 6f 6c - 20 79 7a 73 73 68 20 70  protocol yzssh p
  0190:  72 6f 6d 70 74 20 32 31 - 34 20 72 65 6d 6f 74 65  rompt 214 remote
  01A0:  69 70 20 31 39 32 2e 39 - 2e 32 30 30 2e 32 31 34  ip 192.9.200.214
  01B0:  0d 73 63 72 65 65 6e 20 - 34 20 70 72 6f 74 6f 63  .screen 4 protoc
  01C0:  6f 6c 20 79 7a 73 73 68 - 20 70 72 6f 6d 70 74 20  ol yzssh prompt 
  01D0:  32 31 34 20 72 65 6d 6f - 74 65 69 70 20 31 39 32  214 remoteip 192
  01E0:  2e 39 2e 32 30 30 2e 32 - 31 34 0d 21 6d 6f 6e 69  .9.200.214.!moni
  01F0:  74 6f 72 0d 6d 6f 6e 69 - 74 6f 72 20 64 65 70 74  tor.monitor dept
  0200:  69 64 20 31 31 31 31 31 - 31 31 31 31 0d 6d 6f 6e  id 111111111.mon
  0210:  69 74 6f 72 20 69 70 20 - 31 39 32 2e 39 2e 32 30  itor ip 192.9.20
  0220:  30 2e 32 31 34 0d 00 91 - 04 06 bb 00 00 06 b3 20  0.214.......... 
  0230:  20 50 49 44 20 20 55 69 - 64 20 20 20 20 20 56 6d   PID  Uid     Vm
  0240:  53 69 7a 65 20 53 74 61 - 74 20 43 6f 6d 6d 61 6e  Size Stat Comman
  0250:  64 0a 20 20 20 20 31 20 - 72 6f 6f 74 20 20 20 20  d.    1 root    
  0260:  20 20 20 20 32 37 36 20 - 53 20 20 20 2f 62 69 6e      276 S   /bin
  0270:  2f 69 6e 69 74 20 0a 20 - 20 20 20 32 20 72 6f 6f  /init .    2 roo
  0280:  74 20 20 20 20 20 20 20 - 20 20 20 20 20 53 57 20  t            SW 
  0290:  20 5b 6b 65 76 65 6e 74 - 64 5d 0a 20 20 20 20 33   [keventd].    3
  02A0:  20 72 6f 6f 74 20 20 20 - 20 20 20 20 20 20 20 20   root           
  02B0:  20 53 57 4e 20 5b 6b 73 - 6f 66 74 69 72 71 64 5f   SWN [ksoftirqd_
  02C0:  43 50 55 30 5d 0a 20 20 - 20 20 34 20 72 6f 6f 74  CPU0].    4 root
  02D0:  20 20 20 20 20 20 20 20 - 20 20 20 20 53 57 20 20              SW  
  02E0:  5b 6b 73 77 61 70 64 5d - 0a 20 20 20 20 35 20 72  [kswapd].    5 r
  02F0:  6f 6f 74 20 20 20 20 20 - 20 20 20 20 20 20 20 53  oot            S
  0300:  57 20 20 5b 62 64 66 6c - 75 73 68 5d 0a 20 20 20  W  [bdflush].   
  0310:  20 36 20 72 6f 6f 74 20 - 20 20 20 20 20 20 20 20   6 root         
  0320:  20 20 20 53 57 20 20 5b - 6b 75 70 64 61 74 65 64     SW  [kupdated
  0330:  5d 0a 20 20 20 20 38 20 - 72 6f 6f 74 20 20 20 20  ].    8 root    
  0340:  20 20 20 20 20 20 20 20 - 53 57 20 20 5b 6d 74 64          SW  [mtd
  0350:  62 6c 6f 63 6b 64 5d 0a - 20 20 20 20 39 20 72 6f  blockd].    9 ro
  0360:  6f 74 20 20 20 20 20 20 - 20 20 20 20 20 20 53 57  ot            SW
  0370:  20 20 5b 6b 68 75 62 64 - 5d 0a 20 20 20 31 34 20    [khubd].   14 
  0380:  72 6f 6f 74 20 20 20 20 - 20 20 20 20 20 20 20 20  root            
  0390:  53 57 20 20 5b 63 6f 6d - 6d 6f 6e 5f 6b 74 68 72  SW  [common_kthr
  03A0:  65 61 64 5d 0a 20 20 20 - 31 37 20 72 6f 6f 74 20  ead].   17 root 
  03B0:  20 20 20 20 20 20 20 20 - 20 20 20 44 57 20 20 5b             DW  [
  03C0:  49 78 4f 73 61 6c 20 31 - 5d 0a 20 20 31 32 33 20  IxOsal 1].  123 
  03D0:  31 20 20 20 20 20 20 20 - 20 20 20 20 32 33 36 20  1           236 
  03E0:  53 20 20 20 70 6f 72 74 - 6d 61 70 20 0a 20 20 31  S   portmap .  1
  03F0:  32 34 20 72 6f 6f 74 20 - 20 20 20 20 20 20 20 32  24 root        2
  0400:  31 32 20 53 20 20 20 2f - 65 63 6f 6d 6d 5f 75 73  12 S   /ecomm_us
  0410:  65 72 5f 70 72 6f 67 72 - 61 6d 2f 6e 65 74 6c 69  er_program/netli
  0420:  6e 6b 5f 64 65 62 75 67 - 20 0a 20 20 31 33 30 20  nk_debug .  130 
  0430:  72 6f 6f 74 20 20 20 20 - 20 20 20 20 37 38 30 20  root        780 
  0440:  53 20 20 20 2f 65 63 6f - 6d 6d 5f 75 73 65 72 5f  S   /ecomm_user_
  0450:  70 72 6f 67 72 61 6d 2f - 69 70 74 65 72 6d 20 0a  program/ipterm .
  0460:  20 20 31 33 32 20 72 6f - 6f 74 20 20 20 20 20 20    132 root      
  0470:  20 20 37 38 34 20 53 20 - 20 20 2f 65 63 6f 6d 6d    784 S   /ecomm
  0480:  5f 75 73 65 72 5f 70 72 - 6f 67 72 61 6d 2f 69 70  _user_program/ip
  0490:  70 72 6f 78 79 20 0a 20 - 20 31 33 33 20 72 6f 6f  proxy .  133 roo
  04A0:  74 20 20 20 20 20 20 20 - 20 32 35 32 20 53 20 20  t        252 S  
  04B0:  20 2f 65 63 6f 6d 6d 5f - 75 73 65 72 5f 70 72 6f   /ecomm_user_pro
  04C0:  67 72 61 6d 2f 64 65 62 - 75 67 5f 72 65 63 76 20  gram/debug_recv 
  04D0:  0a 20 20 31 33 34 20 72 - 6f 6f 74 20 20 20 20 20  .  134 root     
  04E0:  20 20 20 32 38 38 20 53 - 20 20 20 2f 65 63 6f 6d     288 S   /ecom
  04F0:  6d 5f 75 73 65 72 5f 70 - 72 6f 67 72 61 6d 2f 64  m_user_program/d
  0500:  65 62 75 67 5f 73 68 6f - 77 20 0a 20 20 31 33 35  ebug_show .  135
  0510:  20 72 6f 6f 74 20 20 20 - 20 20 20 20 20 37 30 38   root        708
  0520:  20 53 20 20 20 2f 65 63 - 6f 6d 6d 5f 75 73 65 72   S   /ecomm_user
  0530:  5f 70 72 6f 67 72 61 6d - 2f 6d 61 6e 61 67 65 72  _program/manager
  0540:  20 0a 20 20 31 33 36 20 - 72 6f 6f 74 20 20 20 20   .  136 root    
  0550:  20 20 20 20 33 37 32 20 - 53 20 20 20 2f 65 63 6f      372 S   /eco
  0560:  6d 6d 5f 75 73 65 72 5f - 70 72 6f 67 72 61 6d 2f  mm_user_program/
  0570:  75 73 62 6d 6e 67 20 0a - 20 20 31 33 38 20 72 6f  usbmng .  138 ro
  0580:  6f 74 20 20 20 20 20 20 - 20 20 33 36 34 20 53 20  ot        364 S 
  0590:  20 20 2f 65 63 6f 6d 6d - 5f 75 73 65 72 5f 70 72    /ecomm_user_pr
  05A0:  6f 67 72 61 6d 2f 70 72 - 6e 6d 6e 67 20 0a 20 20  ogram/prnmng .  
  05B0:  31 33 39 20 72 6f 6f 74 - 20 20 20 20 20 20 20 20  139 root        
  05C0:  33 34 34 20 53 20 20 20 - 2f 65 63 6f 6d 6d 5f 75  344 S   /ecomm_u
  05D0:  73 65 72 5f 70 72 6f 67 - 72 61 6d 2f 70 69 6e 67  ser_program/ping
  05E0:  6d 6f 6e 20 0a 20 20 31 - 34 30 20 72 6f 6f 74 20  mon .  140 root 
  05F0:  20 20 20 20 20 20 20 32 - 34 38 20 53 20 20 20 2f         248 S   /
  0600:  65 63 6f 6d 6d 5f 75 73 - 65 72 5f 70 72 6f 67 72  ecomm_user_progr
  0610:  61 6d 2f 63 68 65 63 6b - 69 70 20 0a 20 20 31 35  am/checkip .  15
  0620:  31 20 72 6f 6f 74 20 20 - 20 20 20 20 20 20 38 30  1 root        80
  0630:  34 20 53 20 20 20 7a 65 - 62 72 61 20 2d 64 20 0a  4 S   zebra -d .
  0640:  20 20 31 35 32 20 72 6f - 6f 74 20 20 20 20 20 20    152 root      
  0650:  20 20 33 36 38 20 53 20 - 20 20 62 6f 61 20 0a 20    368 S   boa . 
  0660:  20 31 36 36 20 72 6f 6f - 74 20 20 20 20 20 20 20   166 root       
  0670:  20 20 20 20 20 53 57 20 - 20 5b 65 74 68 5f 6b 74       SW  [eth_kt
  0680:  68 72 65 61 64 5f 30 5d - 0a 20 20 31 39 37 20 72  hread_0].  197 r
  0690:  6f 6f 74 20 20 20 20 20 - 20 20 20 32 34 34 20 53  oot        244 S
  06A0:  20 20 20 2f 75 73 72 2f - 73 62 69 6e 2f 69 6e 65     /usr/sbin/ine
  06B0:  74 64 20 0a 20 20 32 31 - 35 20 72 6f 6f 74 20 20  td .  215 root  
  06C0:  20 20 20 20 20 31 30 35 - 32 20 53 20 20 20 74 73       1052 S   ts
  06D0:  65 72 76 65 72 20 5b 41 - 73 79 6e 63 31 28 31 29  erver [Async1(1)
  06E0:  20 30 31 3a 34 35 3a 33 - 31 5d 20 20 20 20 20 20   01:45:31]      
  06F0:  0a 20 20 32 31 37 20 72 - 6f 6f 74 20 20 20 20 20  .  217 root     
  0700:  20 20 31 30 35 32 20 53 - 20 20 20 74 73 65 72 76    1052 S   tserv
  0710:  65 72 20 5b 41 73 79 6e - 63 32 28 31 29 20 30 31  er [Async2(1) 01
  0720:  3a 34 35 3a 33 31 5d 20 - 20 20 20 20 20 0a 20 20  :45:31]      .  
  0730:  32 32 30 20 72 6f 6f 74 - 20 20 20 20 20 20 20 31  220 root       1
  0740:  30 35 32 20 53 20 20 20 - 74 73 65 72 76 65 72 20  052 S   tserver 
  0750:  5b 41 73 79 6e 63 33 28 - 31 29 20 30 31 3a 34 35  [Async3(1) 01:45
  0760:  3a 33 31 5d 20 20 20 20 - 20 20 0a 20 20 32 32 34  :31]      .  224
  0770:  20 72 6f 6f 74 20 20 20 - 20 20 20 20 31 30 35 32   root       1052
  0780:  20 53 20 20 20 74 73 65 - 72 76 65 72 20 5b 41 73   S   tserver [As
  0790:  79 6e 63 34 28 31 29 20 - 30 31 3a 34 35 3a 33 31  ync4(1) 01:45:31
  07A0:  5d 20 20 20 20 20 20 0a - 20 20 32 32 37 20 72 6f  ]      .  227 ro
  07B0:  6f 74 20 20 20 20 20 20 - 20 31 30 35 32 20 53 20  ot       1052 S 
  07C0:  20 20 74 73 65 72 76 65 - 72 20 5b 41 73 79 6e 63    tserver [Async
  07D0:  35 28 31 29 20 30 31 3a - 34 35 3a 33 30 5d 20 20  5(1) 01:45:30]  
  07E0:  20 20 20 20 0a 20 20 32 - 32 39 20 72 6f 6f 74 20      .  229 root 
  07F0:  20 20 20 20 20 20 31 30 - 35 32 20 53 20 20 20 74        1052 S   t
  0800:  73 65 72 76 65 72 20 5b - 41 73 79 6e 63 36 28 31  server [Async6(1
  0810:  29 20 30 31 3a 34 35 3a - 33 30 5d 20 20 20 20 20  ) 01:45:30]     
  0820:  20 0a 20 20 32 33 33 20 - 72 6f 6f 74 20 20 20 20   .  233 root    
  0830:  20 20 20 31 30 35 32 20 - 53 20 20 20 74 73 65 72     1052 S   tser
  0840:  76 65 72 20 5b 41 73 79 - 6e 63 37 28 31 29 20 30  ver [Async7(1) 0
  0850:  31 3a 34 35 3a 33 30 5d - 20 20 20 20 20 20 0a 20  1:45:30]      . 
  0860:  20 32 33 35 20 72 6f 6f - 74 20 20 20 20 20 20 20   235 root       
  0870:  31 30 35 32 20 53 20 20 - 20 74 73 65 72 76 65 72  1052 S   tserver
  0880:  20 5b 41 73 79 6e 63 38 - 28 31 29 20 30 31 3a 34   [Async8(1) 01:4
  0890:  35 3a 33 30 5d 20 20 20 - 20 20 20 0a 20 20 33 36  5:30]      .  36
  08A0:  39 20 72 6f 6f 74 20 20 - 20 20 20 20 20 20 36 37  9 root        67
  08B0:  36 20 53 20 20 20 2f 62 - 69 6e 2f 73 68 20 0a 20  6 S   /bin/sh . 
  08C0:  20 33 37 31 20 72 6f 6f - 74 20 20 20 20 20 20 20   371 root       
  08D0:  20 33 34 38 20 52 20 20 - 20 70 73 20 2d 65 66 20   348 R   ps -ef 
  08E0:  0a 00 91 05 00 84 00 00 - 00 7c 01 01 01 00 08 00  .........|......
  08F0:  14 05 12 34 07 00 c0 09 - c8 64 ff ff ff 00 00 00  ...4.....d......
  0900:  00 00 00 00 00 00 00 00 - 00 00 00 00 00 00 00 00  ................
  0910:  00 00 00 00 00 00 00 00 - 00 00 00 00 00 00 00 00  ................
  0920:  00 00 00 00 00 00 00 66 - 56 b6 00 01 05 fc 00 00  .......fV.......
  0930:  00 00 00 00 00 00 00 00 - 00 00 00 00 00 00 00 00  ................
  0940:  00 00 00 00 00 00 00 0b - ec ae 00 00 1e 86 00 00  ................
  0950:  00 00 00 00 00 00 00 00 - 00 00 00 00 00 00 00 00  ................
  0960:  00 00 00 00 00 00 91 05 - 00 84 00 01 00 7c 01 00  .............|..
  0970:  00 00 00 00 00 00 00 00 - 00 00 00 00 00 00 00 00  ................
  0980:  00 00 00 00 00 00 00 00 - 00 00 00 00 00 00 00 00  ................
  0990:  00 00 00 00 00 00 00 00 - 00 00 00 00 00 00 00 00  ................
  09A0:  00 00 00 00 00 00 00 00 - 00 00 00 00 00 00 00 00  ................
  09B0:  00 00 00 00 00 00 00 00 - 00 00 00 00 00 00 00 00  ................
  09C0:  00 00 00 00 00 00 00 00 - 00 00 00 00 00 00 00 00  ................
  09D0:  00 00 00 00 00 00 00 00 - 00 00 00 00 00 00 00 00  ................
  09E0:  00 00 00 00 00 00 00 00 - 00 00 91 09 01 18 00 00  ................
  09F0:  01 10 00 00 00 00 00 00 - 00 00 00 00 00 00 00 00  ................
  0A00:  00 00 01 01 01 01 01 01 - 01 01 01 01 01 01 01 01  ................
  0A10:  01 01 01 01 00 00 00 00 - 00 00 00 00 00 00 00 00  ................
  0A20:  00 00 00 00 00 00 00 00 - 00 00 00 00 00 00 00 00  ................
  0A30:  00 00 00 00 00 00 00 00 - 00 00 00 00 00 00 00 00  ................
  0A40:  00 00 00 00 00 00 00 00 - 00 00 00 00 00 00 00 00  ................
  0A50:  00 00 00 00 00 00 00 00 - 00 00 00 00 00 00 00 00  ................
  0A60:  00 00 00 00 00 00 00 00 - 00 00 00 00 00 00 00 00  ................
  0A70:  00 00 00 00 00 00 00 00 - 00 00 00 00 00 00 00 00  ................
  0A80:  00 00 00 00 00 00 00 00 - 00 00 00 00 00 00 00 00  ................
  0A90:  00 00 00 00 00 00 00 00 - 00 00 00 00 00 00 00 00  ................
  0AA0:  00 00 00 00 00 00 00 00 - 00 00 00 00 00 00 00 00  ................
  0AB0:  00 00 00 00 00 00 00 00 - 00 00 00 00 00 00 00 00  ................
  0AC0:  00 00 00 00 00 00 00 00 - 00 00 00 00 00 00 00 00  ................
  0AD0:  00 00 00 00 00 00 00 00 - 00 00 00 00 00 00 00 00  ................
  0AE0:  00 00 00 00 00 00 00 00 - 00 00 00 00 00 00 00 00  ................
  0AF0:  00 00 00 00 00 00 00 00 - 00 00 00 00 00 00 00 00  ................
  0B00:  00 29                                              .)
22:23:31 [165999901] 读取144字节
22:23:31 [165999901] (读取数据为:)
  0000:  11 0b 00 08 00 01 00 00 - 11 0b 00 08 00 02 00 00  ................
  0010:  11 0b 00 08 00 03 00 00 - 11 0b 00 08 00 04 00 00  ................
  0020:  11 0b 00 08 00 05 00 00 - 11 0b 00 08 00 06 00 00  ................
  0030:  11 0b 00 08 00 07 00 00 - 11 0b 00 08 00 08 00 00  ................
  0040:  11 0b 00 08 00 09 00 00 - 11 0b 00 08 00 0a 00 00  ................
  0050:  11 0b 00 08 00 0b 00 00 - 11 0b 00 08 00 0c 00 00  ................
  0060:  11 0b 00 08 00 0d 00 00 - 11 0b 00 08 00 0e 00 00  ................
  0070:  11 0b 00 08 00 0f 00 00 - 11 0b 00 08 00 10 00 00  ................
  0080:  11 0b 00 08 00 11 00 00 - 11 0b 00 08 00 12 00 00  ................
22:23:31 [165999901] 收到客户端状态请求[intf=IPTERM1口信息]
22:23:31 [165999901] 收到客户端状态请求[intf=IPTERM2口信息]
22:23:31 [165999901] 收到客户端状态请求[intf=IPTERM3口信息]
22:23:31 [165999901] 收到客户端状态请求[intf=IPTERM4口信息]
22:23:31 [165999901] 收到客户端状态请求[intf=IPTERM5口信息]
22:23:31 [165999901] 收到客户端状态请求[intf=IPTERM6口信息]
22:23:31 [165999901] 收到客户端状态请求[intf=IPTERM7口信息]
22:23:31 [165999901] 收到客户端状态请求[intf=IPTERM8口信息]
22:23:31 [165999901] 收到客户端状态请求[intf=IPTERM9口信息]
22:23:31 [165999901] 收到客户端状态请求[intf=IPTERM10口信息]
22:23:31 [165999901] 收到客户端状态请求[intf=IPTERM11口信息]
22:23:31 [165999901] 收到客户端状态请求[intf=IPTERM12口信息]
22:23:31 [165999901] 收到客户端状态请求[intf=IPTERM13口信息]
22:23:31 [165999901] 收到客户端状态请求[intf=IPTERM14口信息]
22:23:31 [165999901] 收到客户端状态请求[intf=IPTERM15口信息]
22:23:31 [165999901] 收到客户端状态请求[intf=IPTERM16口信息]
22:23:31 [165999901] 收到客户端状态请求[intf=IPTERM17口信息]
22:23:31 [165999901] 收到客户端状态请求[intf=IPTERM18口信息]
22:23:31 [165999901] 发送客户端状态应答[intf=IPTERM1口信息 len=804(C-0)]
22:23:31 [165999901] 发送客户端状态应答[intf=IPTERM2口信息 len=996(C-0)]
22:23:31 [165999901] 发送客户端状态应答[intf=IPTERM3口信息 len=516(C-0)]
22:23:31 [165999901] 发送客户端状态应答[intf=IPTERM4口信息 len=612(C-0)]
22:23:31 [165999901] 发送客户端状态应答[intf=IPTERM5口信息 len=324(C-0)]
22:23:31 [165999901] 发送客户端状态应答[intf=IPTERM6口信息 len=324(C-0)]
22:23:31 [165999901] 发送客户端状态应答[intf=IPTERM7口信息 len=612(C-0)]
22:23:31 [165999901] 发送缓冲区满1(4188/412),忽略(客户端状态应答 ack=IPTERM8口信息)
22:23:31 [165999901] 发送4188字节
22:23:31 [165999901] (发送数据为:)
  0000:  91 0b 03 24 00 01 03 1c - 01 01 00 08 c0 09 c8 c9  ...$............
  0010:  49 50 b4 fa c0 ed 00 00 - 01 01 01 01 d5 fd b3 a3  IP..............
  0020:  00 01 01 01 01 00 17 86 - c0 09 c8 e6 59 5a 53 53  ............YZSS
  0030:  48 00 00 00 00 00 00 00 - ce b4 b5 c7 c2 bc 00 00  H...............
  0040:  b4 a2 d0 ee cd ac b0 e6 - 00 00 00 00 00 00 00 00  ................
  0050:  00 00 00 00 00 00 00 00 - 76 74 31 30 30 00 00 00  ........vt100...
  0060:  00 00 00 00 00 00 00 10 - 00 0e 9e ac 00 0b 5e f7  ..............^.
  0070:  00 22 1c e7 00 14 77 be - 00 00 00 02 00 00 00 03  ."....w.........
  0080:  00 00 00 05 02 00 17 86 - c0 09 c8 e7 59 5a 53 53  ............YZSS
  0090:  48 00 00 00 00 00 00 00 - d2 d1 b5 c7 c2 bc 00 00  H...............
  00A0:  d6 d0 bc e4 d2 b5 ce f1 - 00 00 00 00 00 00 00 00  ................
  00B0:  00 00 00 00 00 00 00 00 - 76 74 31 30 30 00 00 00  ........vt100...
  00C0:  00 00 00 00 00 00 00 10 - 00 0e 9e ac 00 0b 5e f7  ..............^.
  00D0:  00 22 1c e7 00 14 77 be - 00 00 00 02 00 00 00 03  ."....w.........
  00E0:  00 00 00 05 03 00 17 86 - c0 09 c8 e8 59 5a 53 53  ............YZSS
  00F0:  48 00 00 00 00 00 00 00 - ce b4 b5 c7 c2 bc 00 00  H...............
  0100:  bb e3 b6 d2 00 00 00 00 - 00 00 00 00 00 00 00 00  ................
  0110:  00 00 00 00 00 00 00 29 - 76 74 31 30 30 00 20 20  .......)vt100.  
  0120:  20 53 57 20 00 00 00 10 - 00 0e 9e ac 00 0b 5e f7   SW ..........^.
  0130:  00 22 1c e7 00 14 77 be - 00 00 00 02 00 00 00 03  ."....w.........
  0140:  00 00 00 05 04 00 17 86 - c0 09 c8 e9 59 5a 53 53  ............YZSS
  0150:  48 00 0a 20 20 20 31 34 - d2 d1 b5 c7 c2 bc 00 20  H..   14....... 
  0160:  bb f9 bd f0 b1 a3 cf d5 - 00 53 57 20 20 5b 63 6f  .........SW  [co
  0170:  6d 6d 6f 6e 5f 6b 74 68 - 76 74 31 30 30 00 20 20  mmon_kthvt100.  
  0180:  20 31 37 20 00 00 00 10 - 00 0e 9e ac 00 0b 5e f7   17 ..........^.
  0190:  00 22 1c e7 00 14 77 be - 00 00 00 02 00 00 00 03  ."....w.........
  01A0:  00 00 00 05 05 00 17 86 - c0 09 c8 ea 59 5a 53 53  ............YZSS
  01B0:  48 00 20 20 20 32 33 36 - ce b4 b5 c7 c2 bc 00 72  H.   236.......r
  01C0:  cd e2 bb e3 00 0a 20 20 - 31 32 34 20 72 6f 6f 74  ......  124 root
  01D0:  20 20 20 20 20 20 20 20 - 76 74 31 30 30 00 20 20          vt100.  
  01E0:  2f 65 63 6f 00 00 00 10 - 00 0e 9e ac 00 0b 5e f7  /eco..........^.
  01F0:  00 22 1c e7 00 14 77 be - 00 00 00 02 00 00 00 03  ."....w.........
  0200:  00 00 00 05 06 00 17 86 - c0 09 c8 eb 59 5a 53 53  ............YZSS
  0210:  48 00 20 20 20 37 38 30 - d2 d1 b5 c7 c2 bc 00 63  H.   780.......c
  0220:  b4 fa c0 ed b1 a3 cf d5 - 00 70 72 6f 67 72 61 6d  .........program
  0230:  2f 69 70 74 65 72 6d 20 - 76 74 31 30 30 00 20 72  /ipterm vt100. r
  0240:  6f 6f 74 20 00 00 00 10 - 00 0e 9e ac 00 0b 5e f7  oot ..........^.
  0250:  00 22 1c e7 00 14 77 be - 00 00 00 02 00 00 00 03  ."....w.........
  0260:  00 00 00 05 07 00 17 86 - c0 09 c8 ec 59 5a 53 53  ............YZSS
  0270:  48 00 31 33 33 20 72 6f - ce b4 b5 c7 c2 bc 00 20  H.133 ro....... 
  0280:  d4 a4 c1 f4 00 20 53 20 - 20 20 2f 65 63 6f 6d 6d  ..... S   /ecomm
  0290:  5f 75 73 65 72 5f 70 72 - 76 74 31 30 30 00 64 65  _user_prvt100.de
  02A0:  62 75 67 5f 00 00 00 10 - 00 0e 9e ac 00 0b 5e f7  bug_..........^.
  02B0:  00 22 1c e7 00 14 77 be - 00 00 00 02 00 00 00 03  ."....w.........
  02C0:  00 00 00 05 08 00 17 86 - c0 09 c8 ed 59 5a 53 53  ............YZSS
  02D0:  48 00 6f 67 72 61 6d 2f - d2 d1 b5 c7 c2 bc 00 68  H.ogram/.......h
  02E0:  d4 a4 c1 f4 00 20 31 33 - 35 20 72 6f 6f 74 20 20  ..... 135 root  
  02F0:  20 20 20 20 20 20 37 30 - 76 74 31 30 30 00 2f 65        70vt100./e
  0300:  63 6f 6d 6d 00 00 00 10 - 00 0e 9e ac 00 0b 5e f7  comm..........^.
  0310:  00 22 1c e7 00 14 77 be - 00 00 00 02 00 00 00 03  ."....w.........
  0320:  00 00 00 05 91 0b 03 e4 - 00 02 03 dc 02 02 00 0a  ................
  0330:  c0 09 c8 ca 49 50 d6 d5 - b6 cb 00 00 01 01 01 01  ....IP..........
  0340:  d5 fd b3 a3 00 01 01 01 - 01 00 17 86 c0 09 c8 e6  ................
  0350:  59 5a 53 53 48 00 00 00 - 00 00 00 00 ce b4 b5 c7  YZSSH...........
  0360:  c2 bc 00 00 b4 a2 d0 ee - cd ac b0 e6 00 00 00 00  ................
  0370:  00 00 00 00 00 00 00 00 - 00 00 00 00 76 74 31 30  ............vt10
  0380:  30 00 00 00 00 00 00 00 - 00 00 00 10 00 0e 9e ac  0...............
  0390:  00 0b 5e f7 00 22 1c e7 - 00 14 77 be 00 00 00 02  ..^.."....w.....
  03A0:  00 00 00 03 00 00 00 05 - 02 00 17 86 c0 09 c8 e7  ................
  03B0:  59 5a 53 53 48 00 00 00 - 00 00 00 00 d2 d1 b5 c7  YZSSH...........
  03C0:  c2 bc 00 00 d6 d0 bc e4 - d2 b5 ce f1 00 00 00 00  ................
  03D0:  00 00 00 00 00 00 00 00 - 00 00 00 00 76 74 31 30  ............vt10
  03E0:  30 00 00 00 00 00 00 00 - 00 00 00 10 00 0e 9e ac  0...............
  03F0:  00 0b 5e f7 00 22 1c e7 - 00 14 77 be 00 00 00 02  ..^.."....w.....
  0400:  00 00 00 03 00 00 00 05 - 03 00 17 86 c0 09 c8 e8  ................
  0410:  59 5a 53 53 48 00 00 00 - 00 00 00 00 ce b4 b5 c7  YZSSH...........
  0420:  c2 bc 00 00 bb e3 b6 d2 - 00 00 00 00 00 00 00 00  ................
  0430:  00 00 00 00 00 00 00 00 - 00 00 00 29 76 74 31 30  ...........)vt10
  0440:  30 00 20 20 20 53 57 20 - 00 00 00 10 00 0e 9e ac  0.   SW ........
  0450:  00 0b 5e f7 00 22 1c e7 - 00 14 77 be 00 00 00 02  ..^.."....w.....
  0460:  00 00 00 03 00 00 00 05 - 04 00 17 86 c0 09 c8 e9  ................
  0470:  59 5a 53 53 48 00 0a 20 - 20 20 31 34 d2 d1 b5 c7  YZSSH..   14....
  0480:  c2 bc 00 20 bb f9 bd f0 - b1 a3 cf d5 00 53 57 20  ... .........SW 
  0490:  20 5b 63 6f 6d 6d 6f 6e - 5f 6b 74 68 76 74 31 30   [common_kthvt10
  04A0:  30 00 20 20 20 31 37 20 - 00 00 00 10 00 0e 9e ac  0.   17 ........
  04B0:  00 0b 5e f7 00 22 1c e7 - 00 14 77 be 00 00 00 02  ..^.."....w.....
  04C0:  00 00 00 03 00 00 00 05 - 05 00 17 86 c0 09 c8 ea  ................
  04D0:  59 5a 53 53 48 00 20 20 - 20 32 33 36 ce b4 b5 c7  YZSSH.   236....
  04E0:  c2 bc 00 72 cd e2 bb e3 - 00 0a 20 20 31 32 34 20  ...r......  124 
  04F0:  72 6f 6f 74 20 20 20 20 - 20 20 20 20 76 74 31 30  root        vt10
  0500:  30 00 20 20 2f 65 63 6f - 00 00 00 10 00 0e 9e ac  0.  /eco........
  0510:  00 0b 5e f7 00 22 1c e7 - 00 14 77 be 00 00 00 02  ..^.."....w.....
  0520:  00 00 00 03 00 00 00 05 - 06 00 17 86 c0 09 c8 eb  ................
  0530:  59 5a 53 53 48 00 20 20 - 20 37 38 30 d2 d1 b5 c7  YZSSH.   780....
  0540:  c2 bc 00 63 b4 fa c0 ed - b1 a3 cf d5 00 70 72 6f  ...c.........pro
  0550:  67 72 61 6d 2f 69 70 74 - 65 72 6d 20 76 74 31 30  gram/ipterm vt10
  0560:  30 00 20 72 6f 6f 74 20 - 00 00 00 10 00 0e 9e ac  0. root ........
  0570:  00 0b 5e f7 00 22 1c e7 - 00 14 77 be 00 00 00 02  ..^.."....w.....
  0580:  00 00 00 03 00 00 00 05 - 07 00 17 86 c0 09 c8 ec  ................
  0590:  59 5a 53 53 48 00 31 33 - 33 20 72 6f ce b4 b5 c7  YZSSH.133 ro....
  05A0:  c2 bc 00 20 d4 a4 c1 f4 - 00 20 53 20 20 20 2f 65  ... ..... S   /e
  05B0:  63 6f 6d 6d 5f 75 73 65 - 72 5f 70 72 76 74 31 30  comm_user_prvt10
  05C0:  30 00 64 65 62 75 67 5f - 00 00 00 10 00 0e 9e ac  0.debug_........
  05D0:  00 0b 5e f7 00 22 1c e7 - 00 14 77 be 00 00 00 02  ..^.."....w.....
  05E0:  00 00 00 03 00 00 00 05 - 08 00 17 86 c0 09 c8 ed  ................
  05F0:  59 5a 53 53 48 00 6f 67 - 72 61 6d 2f d2 d1 b5 c7  YZSSH.ogram/....
  0600:  c2 bc 00 68 d4 a4 c1 f4 - 00 20 31 33 35 20 72 6f  ...h..... 135 ro
  0610:  6f 74 20 20 20 20 20 20 - 20 20 37 30 76 74 31 30  ot        70vt10
  0620:  30 00 2f 65 63 6f 6d 6d - 00 00 00 10 00 0e 9e ac  0./ecomm........
  0630:  00 0b 5e f7 00 22 1c e7 - 00 14 77 be 00 00 00 02  ..^.."....w.....
  0640:  00 00 00 03 00 00 00 05 - 09 00 17 86 c0 09 c8 ee  ................
  0650:  59 5a 53 53 48 00 20 20 - 20 2f 65 63 ce b4 b5 c7  YZSSH.   /ec....
  0660:  c2 bc 00 72 d4 a4 c1 f4 - 00 72 61 6d 2f 75 73 62  ...r.....ram/usb
  0670:  6d 6e 67 20 0a 20 20 31 - 33 38 20 72 76 74 31 30  mng .  138 rvt10
  0680:  30 00 20 20 20 20 20 33 - 00 00 00 10 00 0e 9e ac  0.     3........
  0690:  00 0b 5e f7 00 22 1c e7 - 00 14 77 be 00 00 00 02  ..^.."....w.....
  06A0:  00 00 00 03 00 00 00 05 - 0a 00 17 86 c0 09 c8 ef  ................
  06B0:  59 5a 53 53 48 00 20 20 - 20 20 20 20 d2 d1 b5 c7  YZSSH.      ....
  06C0:  c2 bc 00 20 d4 a4 c1 f4 - 00 6d 6d 5f 75 73 65 72  ... .....mm_user
  06D0:  5f 70 72 6f 67 72 61 6d - 2f 70 69 6e 76 74 31 30  _program/pinvt10
  06E0:  30 00 20 20 31 34 30 20 - 00 00 00 10 00 0e 9e ac  0.  140 ........
  06F0:  00 0b 5e f7 00 22 1c e7 - 00 14 77 be 00 00 00 02  ..^.."....w.....
  0700:  00 00 00 03 00 00 00 05 - 91 0b 02 04 00 03 01 fc  ................
  0710:  03 03 00 05 c0 09 c8 cb - 49 50 b4 fa c0 ed 00 00  ........IP......
  0720:  01 01 01 01 b2 cb b5 a5 - 00 01 01 01 01 00 17 86  ................
  0730:  c0 09 c8 e6 59 5a 53 53 - 48 00 00 00 00 00 00 00  ....YZSSH.......
  0740:  ce b4 b5 c7 c2 bc 00 00 - b4 a2 d0 ee cd ac b0 e6  ................
  0750:  00 00 00 00 00 00 00 00 - 00 00 00 00 00 00 00 00  ................
  0760:  76 74 31 30 30 00 00 00 - 00 00 00 00 00 00 00 10  vt100...........
  0770:  00 0e 9e ac 00 0b 5e f7 - 00 22 1c e7 00 14 77 be  ......^.."....w.
  0780:  00 00 00 02 00 00 00 03 - 00 00 00 05 02 00 17 86  ................
  0790:  c0 09 c8 e7 59 5a 53 53 - 48 00 00 00 00 00 00 00  ....YZSSH.......
  07A0:  d2 d1 b5 c7 c2 bc 00 00 - d6 d0 bc e4 d2 b5 ce f1  ................
  07B0:  00 00 00 00 00 00 00 00 - 00 00 00 00 00 00 00 00  ................
  07C0:  76 74 31 30 30 00 00 00 - 00 00 00 00 00 00 00 10  vt100...........
  07D0:  00 0e 9e ac 00 0b 5e f7 - 00 22 1c e7 00 14 77 be  ......^.."....w.
  07E0:  00 00 00 02 00 00 00 03 - 00 00 00 05 03 00 17 86  ................
  07F0:  c0 09 c8 e8 59 5a 53 53 - 48 00 00 00 00 00 00 00  ....YZSSH.......
  0800:  ce b4 b5 c7 c2 bc 00 00 - bb e3 b6 d2 00 00 00 00  ................
  0810:  00 00 00 00 00 00 00 00 - 00 00 00 00 00 00 00 29  ...............)
  0820:  76 74 31 30 30 00 20 20 - 20 53 57 20 00 00 00 10  vt100.   SW ....
  0830:  00 0e 9e ac 00 0b 5e f7 - 00 22 1c e7 00 14 77 be  ......^.."....w.
  0840:  00 00 00 02 00 00 00 03 - 00 00 00 05 04 00 17 86  ................
  0850:  c0 09 c8 e9 59 5a 53 53 - 48 00 0a 20 20 20 31 34  ....YZSSH..   14
  0860:  d2 d1 b5 c7 c2 bc 00 20 - bb f9 bd f0 b1 a3 cf d5  ....... ........
  0870:  00 53 57 20 20 5b 63 6f - 6d 6d 6f 6e 5f 6b 74 68  .SW  [common_kth
  0880:  76 74 31 30 30 00 20 20 - 20 31 37 20 00 00 00 10  vt100.   17 ....
  0890:  00 0e 9e ac 00 0b 5e f7 - 00 22 1c e7 00 14 77 be  ......^.."....w.
  08A0:  00 00 00 02 00 00 00 03 - 00 00 00 05 05 00 17 86  ................
  08B0:  c0 09 c8 ea 59 5a 53 53 - 48 00 20 20 20 32 33 36  ....YZSSH.   236
  08C0:  ce b4 b5 c7 c2 bc 00 72 - cd e2 bb e3 00 0a 20 20  .......r......  
  08D0:  31 32 34 20 72 6f 6f 74 - 20 20 20 20 20 20 20 20  124 root        
  08E0:  76 74 31 30 30 00 20 20 - 2f 65 63 6f 00 00 00 10  vt100.  /eco....
  08F0:  00 0e 9e ac 00 0b 5e f7 - 00 22 1c e7 00 14 77 be  ......^.."....w.
  0900:  00 00 00 02 00 00 00 03 - 00 00 00 05 91 0b 02 64  ...............d
  0910:  00 04 02 5c 04 04 00 06 - c0 09 c8 cc 49 50 d6 d5  ...\........IP..
  0920:  b6 cb 00 00 01 01 01 01 - d5 fd b3 a3 00 01 01 01  ................
  0930:  01 00 17 86 c0 09 c8 e6 - 59 5a 53 53 48 00 00 00  ........YZSSH...
  0940:  00 00 00 00 ce b4 b5 c7 - c2 bc 00 00 b4 a2 d0 ee  ................
  0950:  cd ac b0 e6 00 00 00 00 - 00 00 00 00 00 00 00 00  ................
  0960:  00 00 00 00 76 74 31 30 - 30 00 00 00 00 00 00 00  ....vt100.......
  0970:  00 00 00 10 00 0e 9e ac - 00 0b 5e f7 00 22 1c e7  ..........^.."..
  0980:  00 14 77 be 00 00 00 02 - 00 00 00 03 00 00 00 05  ..w.............
  0990:  02 00 17 86 c0 09 c8 e7 - 59 5a 53 53 48 00 00 00  ........YZSSH...
  09A0:  00 00 00 00 d2 d1 b5 c7 - c2 bc 00 00 d6 d0 bc e4  ................
  09B0:  d2 b5 ce f1 00 00 00 00 - 00 00 00 00 00 00 00 00  ................
  09C0:  00 00 00 00 76 74 31 30 - 30 00 00 00 00 00 00 00  ....vt100.......
  09D0:  00 00 00 10 00 0e 9e ac - 00 0b 5e f7 00 22 1c e7  ..........^.."..
  09E0:  00 14 77 be 00 00 00 02 - 00 00 00 03 00 00 00 05  ..w.............
  09F0:  03 00 17 86 c0 09 c8 e8 - 59 5a 53 53 48 00 00 00  ........YZSSH...
  0A00:  00 00 00 00 ce b4 b5 c7 - c2 bc 00 00 bb e3 b6 d2  ................
  0A10:  00 00 00 00 00 00 00 00 - 00 00 00 00 00 00 00 00  ................
  0A20:  00 00 00 29 76 74 31 30 - 30 00 20 20 20 53 57 20  ...)vt100.   SW 
  0A30:  00 00 00 10 00 0e 9e ac - 00 0b 5e f7 00 22 1c e7  ..........^.."..
  0A40:  00 14 77 be 00 00 00 02 - 00 00 00 03 00 00 00 05  ..w.............
  0A50:  04 00 17 86 c0 09 c8 e9 - 59 5a 53 53 48 00 0a 20  ........YZSSH.. 
  0A60:  20 20 31 34 d2 d1 b5 c7 - c2 bc 00 20 bb f9 bd f0    14....... ....
  0A70:  b1 a3 cf d5 00 53 57 20 - 20 5b 63 6f 6d 6d 6f 6e  .....SW  [common
  0A80:  5f 6b 74 68 76 74 31 30 - 30 00 20 20 20 31 37 20  _kthvt100.   17 
  0A90:  00 00 00 10 00 0e 9e ac - 00 0b 5e f7 00 22 1c e7  ..........^.."..
  0AA0:  00 14 77 be 00 00 00 02 - 00 00 00 03 00 00 00 05  ..w.............
  0AB0:  05 00 17 86 c0 09 c8 ea - 59 5a 53 53 48 00 20 20  ........YZSSH.  
  0AC0:  20 32 33 36 ce b4 b5 c7 - c2 bc 00 72 cd e2 bb e3   236.......r....
  0AD0:  00 0a 20 20 31 32 34 20 - 72 6f 6f 74 20 20 20 20  ..  124 root    
  0AE0:  20 20 20 20 76 74 31 30 - 30 00 20 20 2f 65 63 6f      vt100.  /eco
  0AF0:  00 00 00 10 00 0e 9e ac - 00 0b 5e f7 00 22 1c e7  ..........^.."..
  0B00:  00 14 77 be 00 00 00 02 - 00 00 00 03 00 00 00 05  ..w.............
  0B10:  06 00 17 86 c0 09 c8 eb - 59 5a 53 53 48 00 20 20  ........YZSSH.  
  0B20:  20 37 38 30 d2 d1 b5 c7 - c2 bc 00 63 b4 fa c0 ed   780.......c....
  0B30:  b1 a3 cf d5 00 70 72 6f - 67 72 61 6d 2f 69 70 74  .....program/ipt
  0B40:  65 72 6d 20 76 74 31 30 - 30 00 20 72 6f 6f 74 20  erm vt100. root 
  0B50:  00 00 00 10 00 0e 9e ac - 00 0b 5e f7 00 22 1c e7  ..........^.."..
  0B60:  00 14 77 be 00 00 00 02 - 00 00 00 03 00 00 00 05  ..w.............
  0B70:  91 0b 01 44 00 05 01 3c - 05 05 00 03 c0 09 c8 cd  ...D...<........
  0B80:  49 50 b4 fa c0 ed 00 00 - 01 01 01 01 b2 cb b5 a5  IP..............
  0B90:  00 01 01 01 01 00 17 86 - c0 09 c8 e6 59 5a 53 53  ............YZSS
  0BA0:  48 00 00 00 00 00 00 00 - ce b4 b5 c7 c2 bc 00 00  H...............
  0BB0:  b4 a2 d0 ee cd ac b0 e6 - 00 00 00 00 00 00 00 00  ................
  0BC0:  00 00 00 00 00 00 00 00 - 76 74 31 30 30 00 00 00  ........vt100...
  0BD0:  00 00 00 00 00 00 00 10 - 00 0e 9e ac 00 0b 5e f7  ..............^.
  0BE0:  00 22 1c e7 00 14 77 be - 00 00 00 02 00 00 00 03  ."....w.........
  0BF0:  00 00 00 05 02 00 17 86 - c0 09 c8 e7 59 5a 53 53  ............YZSS
  0C00:  48 00 00 00 00 00 00 00 - d2 d1 b5 c7 c2 bc 00 00  H...............
  0C10:  d6 d0 bc e4 d2 b5 ce f1 - 00 00 00 00 00 00 00 00  ................
  0C20:  00 00 00 00 00 00 00 00 - 76 74 31 30 30 00 00 00  ........vt100...
  0C30:  00 00 00 00 00 00 00 10 - 00 0e 9e ac 00 0b 5e f7  ..............^.
  0C40:  00 22 1c e7 00 14 77 be - 00 00 00 02 00 00 00 03  ."....w.........
  0C50:  00 00 00 05 03 00 17 86 - c0 09 c8 e8 59 5a 53 53  ............YZSS
  0C60:  48 00 00 00 00 00 00 00 - ce b4 b5 c7 c2 bc 00 00  H...............
  0C70:  bb e3 b6 d2 00 00 00 00 - 00 00 00 00 00 00 00 00  ................
  0C80:  00 00 00 00 00 00 00 29 - 76 74 31 30 30 00 20 20  .......)vt100.  
  0C90:  20 53 57 20 00 00 00 10 - 00 0e 9e ac 00 0b 5e f7   SW ..........^.
  0CA0:  00 22 1c e7 00 14 77 be - 00 00 00 02 00 00 00 03  ."....w.........
  0CB0:  00 00 00 05 91 0b 01 44 - 00 06 01 3c 06 06 00 03  .......D...<....
  0CC0:  c0 09 c8 ce 49 50 d6 d5 - b6 cb 00 00 01 01 01 01  ....IP..........
  0CD0:  b2 cb b5 a5 00 01 01 01 - 01 00 17 86 c0 09 c8 e6  ................
  0CE0:  59 5a 53 53 48 00 00 00 - 00 00 00 00 ce b4 b5 c7  YZSSH...........
  0CF0:  c2 bc 00 00 b4 a2 d0 ee - cd ac b0 e6 00 00 00 00  ................
  0D00:  00 00 00 00 00 00 00 00 - 00 00 00 00 76 74 31 30  ............vt10
  0D10:  30 00 00 00 00 00 00 00 - 00 00 00 10 00 0e 9e ac  0...............
  0D20:  00 0b 5e f7 00 22 1c e7 - 00 14 77 be 00 00 00 02  ..^.."....w.....
  0D30:  00 00 00 03 00 00 00 05 - 02 00 17 86 c0 09 c8 e7  ................
  0D40:  59 5a 53 53 48 00 00 00 - 00 00 00 00 d2 d1 b5 c7  YZSSH...........
  0D50:  c2 bc 00 00 d6 d0 bc e4 - d2 b5 ce f1 00 00 00 00  ................
  0D60:  00 00 00 00 00 00 00 00 - 00 00 00 00 76 74 31 30  ............vt10
  0D70:  30 00 00 00 00 00 00 00 - 00 00 00 10 00 0e 9e ac  0...............
  0D80:  00 0b 5e f7 00 22 1c e7 - 00 14 77 be 00 00 00 02  ..^.."....w.....
  0D90:  00 00 00 03 00 00 00 05 - 03 00 17 86 c0 09 c8 e8  ................
  0DA0:  59 5a 53 53 48 00 00 00 - 00 00 00 00 ce b4 b5 c7  YZSSH...........
  0DB0:  c2 bc 00 00 bb e3 b6 d2 - 00 00 00 00 00 00 00 00  ................
  0DC0:  00 00 00 00 00 00 00 00 - 00 00 00 29 76 74 31 30  ...........)vt10
  0DD0:  30 00 20 20 20 53 57 20 - 00 00 00 10 00 0e 9e ac  0.   SW ........
  0DE0:  00 0b 5e f7 00 22 1c e7 - 00 14 77 be 00 00 00 02  ..^.."....w.....
  0DF0:  00 00 00 03 00 00 00 05 - 91 0b 02 64 00 07 02 5c  ...........d...\
  0E00:  07 07 00 06 c0 09 c8 cf - 49 50 b4 fa c0 ed 00 00  ........IP......
  0E10:  01 01 01 01 d5 fd b3 a3 - 00 01 01 01 01 00 17 86  ................
  0E20:  c0 09 c8 e6 59 5a 53 53 - 48 00 00 00 00 00 00 00  ....YZSSH.......
  0E30:  ce b4 b5 c7 c2 bc 00 00 - b4 a2 d0 ee cd ac b0 e6  ................
  0E40:  00 00 00 00 00 00 00 00 - 00 00 00 00 00 00 00 00  ................
  0E50:  76 74 31 30 30 00 00 00 - 00 00 00 00 00 00 00 10  vt100...........
  0E60:  00 0e 9e ac 00 0b 5e f7 - 00 22 1c e7 00 14 77 be  ......^.."....w.
  0E70:  00 00 00 02 00 00 00 03 - 00 00 00 05 02 00 17 86  ................
  0E80:  c0 09 c8 e7 59 5a 53 53 - 48 00 00 00 00 00 00 00  ....YZSSH.......
  0E90:  d2 d1 b5 c7 c2 bc 00 00 - d6 d0 bc e4 d2 b5 ce f1  ................
  0EA0:  00 00 00 00 00 00 00 00 - 00 00 00 00 00 00 00 00  ................
  0EB0:  76 74 31 30 30 00 00 00 - 00 00 00 00 00 00 00 10  vt100...........
  0EC0:  00 0e 9e ac 00 0b 5e f7 - 00 22 1c e7 00 14 77 be  ......^.."....w.
  0ED0:  00 00 00 02 00 00 00 03 - 00 00 00 05 03 00 17 86  ................
  0EE0:  c0 09 c8 e8 59 5a 53 53 - 48 00 00 00 00 00 00 00  ....YZSSH.......
  0EF0:  ce b4 b5 c7 c2 bc 00 00 - bb e3 b6 d2 00 00 00 00  ................
  0F00:  00 00 00 00 00 00 00 00 - 00 00 00 00 00 00 00 29  ...............)
  0F10:  76 74 31 30 30 00 20 20 - 20 53 57 20 00 00 00 10  vt100.   SW ....
  0F20:  00 0e 9e ac 00 0b 5e f7 - 00 22 1c e7 00 14 77 be  ......^.."....w.
  0F30:  00 00 00 02 00 00 00 03 - 00 00 00 05 04 00 17 86  ................
  0F40:  c0 09 c8 e9 59 5a 53 53 - 48 00 0a 20 20 20 31 34  ....YZSSH..   14
  0F50:  d2 d1 b5 c7 c2 bc 00 20 - bb f9 bd f0 b1 a3 cf d5  ....... ........
  0F60:  00 53 57 20 20 5b 63 6f - 6d 6d 6f 6e 5f 6b 74 68  .SW  [common_kth
  0F70:  76 74 31 30 30 00 20 20 - 20 31 37 20 00 00 00 10  vt100.   17 ....
  0F80:  00 0e 9e ac 00 0b 5e f7 - 00 22 1c e7 00 14 77 be  ......^.."....w.
  0F90:  00 00 00 02 00 00 00 03 - 00 00 00 05 05 00 17 86  ................
  0FA0:  c0 09 c8 ea 59 5a 53 53 - 48 00 20 20 20 32 33 36  ....YZSSH.   236
  0FB0:  ce b4 b5 c7 c2 bc 00 72 - cd e2 bb e3 00 0a 20 20  .......r......  
  0FC0:  31 32 34 20 72 6f 6f 74 - 20 20 20 20 20 20 20 20  124 root        
  0FD0:  76 74 31 30 30 00 20 20 - 2f 65 63 6f 00 00 00 10  vt100.  /eco....
  0FE0:  00 0e 9e ac 00 0b 5e f7 - 00 22 1c e7 00 14 77 be  ......^.."....w.
  0FF0:  00 00 00 02 00 00 00 03 - 00 00 00 05 06 00 17 86  ................
  1000:  c0 09 c8 eb 59 5a 53 53 - 48 00 20 20 20 37 38 30  ....YZSSH.   780
  1010:  d2 d1 b5 c7 c2 bc 00 63 - b4 fa c0 ed b1 a3 cf d5  .......c........
  1020:  00 70 72 6f 67 72 61 6d - 2f 69 70 74 65 72 6d 20  .program/ipterm 
  1030:  76 74 31 30 30 00 20 72 - 6f 6f 74 20 00 00 00 10  vt100. root ....
  1040:  00 0e 9e ac 00 0b 5e f7 - 00 22 1c e7 00 14 77 be  ......^.."....w.
  1050:  00 00 00 02 00 00 00 03 - 00 00 00 05              ............
22:23:31 [165999901] 发送客户端状态应答[intf=IPTERM8口信息 len=900(C-0)]
22:23:31 [165999901] 发送客户端状态应答[intf=IPTERM9口信息 len=420(C-0)]
22:23:31 [165999901] 发送客户端状态应答[intf=IPTERM10口信息 len=804(C-0)]
22:23:31 [165999901] 发送客户端状态应答[intf=IPTERM11口信息 len=996(C-0)]
22:23:31 [165999901] 发送客户端状态应答[intf=IPTERM12口信息 len=324(C-0)]
22:23:31 [165999901] 发送客户端状态应答[intf=IPTERM13口信息 len=804(C-0)]
22:23:31 [165999901] 发送缓冲区满1(4248/796),忽略(客户端状态应答 ack=IPTERM14口信息)
22:23:31 [165999901] 发送4248字节
22:23:31 [165999901] (发送数据为:)
  0000:  91 0b 03 84 00 08 03 7c - 08 08 00 09 c0 09 c8 d0  .......|........
  0010:  49 50 d6 d5 b6 cb 00 00 - 01 01 01 01 b2 cb b5 a5  IP..............
  0020:  00 01 01 01 01 00 17 86 - c0 09 c8 e6 59 5a 53 53  ............YZSS
  0030:  48 00 00 00 00 00 00 00 - ce b4 b5 c7 c2 bc 00 00  H...............
  0040:  b4 a2 d0 ee cd ac b0 e6 - 00 00 00 00 00 00 00 00  ................
  0050:  00 00 00 00 00 00 00 00 - 76 74 31 30 30 00 00 00  ........vt100...
  0060:  00 00 00 00 00 00 00 10 - 00 0e 9e ac 00 0b 5e f7  ..............^.
  0070:  00 22 1c e7 00 14 77 be - 00 00 00 02 00 00 00 03  ."....w.........
  0080:  00 00 00 05 02 00 17 86 - c0 09 c8 e7 59 5a 53 53  ............YZSS
  0090:  48 00 00 00 00 00 00 00 - d2 d1 b5 c7 c2 bc 00 00  H...............
  00A0:  d6 d0 bc e4 d2 b5 ce f1 - 00 00 00 00 00 00 00 00  ................
  00B0:  00 00 00 00 00 00 00 00 - 76 74 31 30 30 00 00 00  ........vt100...
  00C0:  00 00 00 00 00 00 00 10 - 00 0e 9e ac 00 0b 5e f7  ..............^.
  00D0:  00 22 1c e7 00 14 77 be - 00 00 00 02 00 00 00 03  ."....w.........
  00E0:  00 00 00 05 03 00 17 86 - c0 09 c8 e8 59 5a 53 53  ............YZSS
  00F0:  48 00 00 00 00 00 00 00 - ce b4 b5 c7 c2 bc 00 00  H...............
  0100:  bb e3 b6 d2 00 00 00 00 - 00 00 00 00 00 00 00 00  ................
  0110:  00 00 00 00 00 00 00 29 - 76 74 31 30 30 00 20 20  .......)vt100.  
  0120:  20 53 57 20 00 00 00 10 - 00 0e 9e ac 00 0b 5e f7   SW ..........^.
  0130:  00 22 1c e7 00 14 77 be - 00 00 00 02 00 00 00 03  ."....w.........
  0140:  00 00 00 05 04 00 17 86 - c0 09 c8 e9 59 5a 53 53  ............YZSS
  0150:  48 00 0a 20 20 20 31 34 - d2 d1 b5 c7 c2 bc 00 20  H..   14....... 
  0160:  bb f9 bd f0 b1 a3 cf d5 - 00 53 57 20 20 5b 63 6f  .........SW  [co
  0170:  6d 6d 6f 6e 5f 6b 74 68 - 76 74 31 30 30 00 20 20  mmon_kthvt100.  
  0180:  20 31 37 20 00 00 00 10 - 00 0e 9e ac 00 0b 5e f7   17 ..........^.
  0190:  00 22 1c e7 00 14 77 be - 00 00 00 02 00 00 00 03  ."....w.........
  01A0:  00 00 00 05 05 00 17 86 - c0 09 c8 ea 59 5a 53 53  ............YZSS
  01B0:  48 00 20 20 20 32 33 36 - ce b4 b5 c7 c2 bc 00 72  H.   236.......r
  01C0:  cd e2 bb e3 00 0a 20 20 - 31 32 34 20 72 6f 6f 74  ......  124 root
  01D0:  20 20 20 20 20 20 20 20 - 76 74 31 30 30 00 20 20          vt100.  
  01E0:  2f 65 63 6f 00 00 00 10 - 00 0e 9e ac 00 0b 5e f7  /eco..........^.
  01F0:  00 22 1c e7 00 14 77 be - 00 00 00 02 00 00 00 03  ."....w.........
  0200:  00 00 00 05 06 00 17 86 - c0 09 c8 eb 59 5a 53 53  ............YZSS
  0210:  48 00 20 20 20 37 38 30 - d2 d1 b5 c7 c2 bc 00 63  H.   780.......c
  0220:  b4 fa c0 ed b1 a3 cf d5 - 00 70 72 6f 67 72 61 6d  .........program
  0230:  2f 69 70 74 65 72 6d 20 - 76 74 31 30 30 00 20 72  /ipterm vt100. r
  0240:  6f 6f 74 20 00 00 00 10 - 00 0e 9e ac 00 0b 5e f7  oot ..........^.
  0250:  00 22 1c e7 00 14 77 be - 00 00 00 02 00 00 00 03  ."....w.........
  0260:  00 00 00 05 07 00 17 86 - c0 09 c8 ec 59 5a 53 53  ............YZSS
  0270:  48 00 31 33 33 20 72 6f - ce b4 b5 c7 c2 bc 00 20  H.133 ro....... 
  0280:  d4 a4 c1 f4 00 20 53 20 - 20 20 2f 65 63 6f 6d 6d  ..... S   /ecomm
  0290:  5f 75 73 65 72 5f 70 72 - 76 74 31 30 30 00 64 65  _user_prvt100.de
  02A0:  62 75 67 5f 00 00 00 10 - 00 0e 9e ac 00 0b 5e f7  bug_..........^.
  02B0:  00 22 1c e7 00 14 77 be - 00 00 00 02 00 00 00 03  ."....w.........
  02C0:  00 00 00 05 08 00 17 86 - c0 09 c8 ed 59 5a 53 53  ............YZSS
  02D0:  48 00 6f 67 72 61 6d 2f - d2 d1 b5 c7 c2 bc 00 68  H.ogram/.......h
  02E0:  d4 a4 c1 f4 00 20 31 33 - 35 20 72 6f 6f 74 20 20  ..... 135 root  
  02F0:  20 20 20 20 20 20 37 30 - 76 74 31 30 30 00 2f 65        70vt100./e
  0300:  63 6f 6d 6d 00 00 00 10 - 00 0e 9e ac 00 0b 5e f7  comm..........^.
  0310:  00 22 1c e7 00 14 77 be - 00 00 00 02 00 00 00 03  ."....w.........
  0320:  00 00 00 05 09 00 17 86 - c0 09 c8 ee 59 5a 53 53  ............YZSS
  0330:  48 00 20 20 20 2f 65 63 - ce b4 b5 c7 c2 bc 00 72  H.   /ec.......r
  0340:  d4 a4 c1 f4 00 72 61 6d - 2f 75 73 62 6d 6e 67 20  .....ram/usbmng 
  0350:  0a 20 20 31 33 38 20 72 - 76 74 31 30 30 00 20 20  .  138 rvt100.  
  0360:  20 20 20 33 00 00 00 10 - 00 0e 9e ac 00 0b 5e f7     3..........^.
  0370:  00 22 1c e7 00 14 77 be - 00 00 00 02 00 00 00 03  ."....w.........
  0380:  00 00 00 05 91 0b 01 a4 - 00 09 01 9c 09 09 00 04  ................
  0390:  c0 09 c8 d1 49 50 b4 fa - c0 ed 00 00 01 01 01 01  ....IP..........
  03A0:  d5 fd b3 a3 00 01 01 01 - 01 00 17 86 c0 09 c8 e6  ................
  03B0:  59 5a 53 53 48 00 00 00 - 00 00 00 00 ce b4 b5 c7  YZSSH...........
  03C0:  c2 bc 00 00 b4 a2 d0 ee - cd ac b0 e6 00 00 00 00  ................
  03D0:  00 00 00 00 00 00 00 00 - 00 00 00 00 76 74 31 30  ............vt10
  03E0:  30 00 00 00 00 00 00 00 - 00 00 00 10 00 0e 9e ac  0...............
  03F0:  00 0b 5e f7 00 22 1c e7 - 00 14 77 be 00 00 00 02  ..^.."....w.....
  0400:  00 00 00 03 00 00 00 05 - 02 00 17 86 c0 09 c8 e7  ................
  0410:  59 5a 53 53 48 00 00 00 - 00 00 00 00 d2 d1 b5 c7  YZSSH...........
  0420:  c2 bc 00 00 d6 d0 bc e4 - d2 b5 ce f1 00 00 00 00  ................
  0430:  00 00 00 00 00 00 00 00 - 00 00 00 00 76 74 31 30  ............vt10
  0440:  30 00 00 00 00 00 00 00 - 00 00 00 10 00 0e 9e ac  0...............
  0450:  00 0b 5e f7 00 22 1c e7 - 00 14 77 be 00 00 00 02  ..^.."....w.....
  0460:  00 00 00 03 00 00 00 05 - 03 00 17 86 c0 09 c8 e8  ................
  0470:  59 5a 53 53 48 00 00 00 - 00 00 00 00 ce b4 b5 c7  YZSSH...........
  0480:  c2 bc 00 00 bb e3 b6 d2 - 00 00 00 00 00 00 00 00  ................
  0490:  00 00 00 00 00 00 00 00 - 00 00 00 29 76 74 31 30  ...........)vt10
  04A0:  30 00 20 20 20 53 57 20 - 00 00 00 10 00 0e 9e ac  0.   SW ........
  04B0:  00 0b 5e f7 00 22 1c e7 - 00 14 77 be 00 00 00 02  ..^.."....w.....
  04C0:  00 00 00 03 00 00 00 05 - 04 00 17 86 c0 09 c8 e9  ................
  04D0:  59 5a 53 53 48 00 0a 20 - 20 20 31 34 d2 d1 b5 c7  YZSSH..   14....
  04E0:  c2 bc 00 20 bb f9 bd f0 - b1 a3 cf d5 00 53 57 20  ... .........SW 
  04F0:  20 5b 63 6f 6d 6d 6f 6e - 5f 6b 74 68 76 74 31 30   [common_kthvt10
  0500:  30 00 20 20 20 31 37 20 - 00 00 00 10 00 0e 9e ac  0.   17 ........
  0510:  00 0b 5e f7 00 22 1c e7 - 00 14 77 be 00 00 00 02  ..^.."....w.....
  0520:  00 00 00 03 00 00 00 05 - 91 0b 03 24 00 0a 03 1c  ...........$....
  0530:  0a 0a 00 08 c0 09 c8 d2 - 49 50 d6 d5 b6 cb 00 00  ........IP......
  0540:  01 01 01 01 d5 fd b3 a3 - 00 01 01 01 01 00 17 86  ................
  0550:  c0 09 c8 e6 59 5a 53 53 - 48 00 00 00 00 00 00 00  ....YZSSH.......
  0560:  ce b4 b5 c7 c2 bc 00 00 - b4 a2 d0 ee cd ac b0 e6  ................
  0570:  00 00 00 00 00 00 00 00 - 00 00 00 00 00 00 00 00  ................
  0580:  76 74 31 30 30 00 00 00 - 00 00 00 00 00 00 00 10  vt100...........
  0590:  00 0e 9e ac 00 0b 5e f7 - 00 22 1c e7 00 14 77 be  ......^.."....w.
  05A0:  00 00 00 02 00 00 00 03 - 00 00 00 05 02 00 17 86  ................
  05B0:  c0 09 c8 e7 59 5a 53 53 - 48 00 00 00 00 00 00 00  ....YZSSH.......
  05C0:  d2 d1 b5 c7 c2 bc 00 00 - d6 d0 bc e4 d2 b5 ce f1  ................
  05D0:  00 00 00 00 00 00 00 00 - 00 00 00 00 00 00 00 00  ................
  05E0:  76 74 31 30 30 00 00 00 - 00 00 00 00 00 00 00 10  vt100...........
  05F0:  00 0e 9e ac 00 0b 5e f7 - 00 22 1c e7 00 14 77 be  ......^.."....w.
  0600:  00 00 00 02 00 00 00 03 - 00 00 00 05 03 00 17 86  ................
  0610:  c0 09 c8 e8 59 5a 53 53 - 48 00 00 00 00 00 00 00  ....YZSSH.......
  0620:  ce b4 b5 c7 c2 bc 00 00 - bb e3 b6 d2 00 00 00 00  ................
  0630:  00 00 00 00 00 00 00 00 - 00 00 00 00 00 00 00 29  ...............)
  0640:  76 74 31 30 30 00 20 20 - 20 53 57 20 00 00 00 10  vt100.   SW ....
  0650:  00 0e 9e ac 00 0b 5e f7 - 00 22 1c e7 00 14 77 be  ......^.."....w.
  0660:  00 00 00 02 00 00 00 03 - 00 00 00 05 04 00 17 86  ................
  0670:  c0 09 c8 e9 59 5a 53 53 - 48 00 0a 20 20 20 31 34  ....YZSSH..   14
  0680:  d2 d1 b5 c7 c2 bc 00 20 - bb f9 bd f0 b1 a3 cf d5  ....... ........
  0690:  00 53 57 20 20 5b 63 6f - 6d 6d 6f 6e 5f 6b 74 68  .SW  [common_kth
  06A0:  76 74 31 30 30 00 20 20 - 20 31 37 20 00 00 00 10  vt100.   17 ....
  06B0:  00 0e 9e ac 00 0b 5e f7 - 00 22 1c e7 00 14 77 be  ......^.."....w.
  06C0:  00 00 00 02 00 00 00 03 - 00 00 00 05 05 00 17 86  ................
  06D0:  c0 09 c8 ea 59 5a 53 53 - 48 00 20 20 20 32 33 36  ....YZSSH.   236
  06E0:  ce b4 b5 c7 c2 bc 00 72 - cd e2 bb e3 00 0a 20 20  .......r......  
  06F0:  31 32 34 20 72 6f 6f 74 - 20 20 20 20 20 20 20 20  124 root        
  0700:  76 74 31 30 30 00 20 20 - 2f 65 63 6f 00 00 00 10  vt100.  /eco....
  0710:  00 0e 9e ac 00 0b 5e f7 - 00 22 1c e7 00 14 77 be  ......^.."....w.
  0720:  00 00 00 02 00 00 00 03 - 00 00 00 05 06 00 17 86  ................
  0730:  c0 09 c8 eb 59 5a 53 53 - 48 00 20 20 20 37 38 30  ....YZSSH.   780
  0740:  d2 d1 b5 c7 c2 bc 00 63 - b4 fa c0 ed b1 a3 cf d5  .......c........
  0750:  00 70 72 6f 67 72 61 6d - 2f 69 70 74 65 72 6d 20  .program/ipterm 
  0760:  76 74 31 30 30 00 20 72 - 6f 6f 74 20 00 00 00 10  vt100. root ....
  0770:  00 0e 9e ac 00 0b 5e f7 - 00 22 1c e7 00 14 77 be  ......^.."....w.
  0780:  00 00 00 02 00 00 00 03 - 00 00 00 05 07 00 17 86  ................
  0790:  c0 09 c8 ec 59 5a 53 53 - 48 00 31 33 33 20 72 6f  ....YZSSH.133 ro
  07A0:  ce b4 b5 c7 c2 bc 00 20 - d4 a4 c1 f4 00 20 53 20  ....... ..... S 
  07B0:  20 20 2f 65 63 6f 6d 6d - 5f 75 73 65 72 5f 70 72    /ecomm_user_pr
  07C0:  76 74 31 30 30 00 64 65 - 62 75 67 5f 00 00 00 10  vt100.debug_....
  07D0:  00 0e 9e ac 00 0b 5e f7 - 00 22 1c e7 00 14 77 be  ......^.."....w.
  07E0:  00 00 00 02 00 00 00 03 - 00 00 00 05 08 00 17 86  ................
  07F0:  c0 09 c8 ed 59 5a 53 53 - 48 00 6f 67 72 61 6d 2f  ....YZSSH.ogram/
  0800:  d2 d1 b5 c7 c2 bc 00 68 - d4 a4 c1 f4 00 20 31 33  .......h..... 13
  0810:  35 20 72 6f 6f 74 20 20 - 20 20 20 20 20 20 37 30  5 root        70
  0820:  76 74 31 30 30 00 2f 65 - 63 6f 6d 6d 00 00 00 10  vt100./ecomm....
  0830:  00 0e 9e ac 00 0b 5e f7 - 00 22 1c e7 00 14 77 be  ......^.."....w.
  0840:  00 00 00 02 00 00 00 03 - 00 00 00 05 91 0b 03 e4  ................
  0850:  00 0b 03 dc 0b 0b 00 0a - c0 09 c8 d3 49 50 b4 fa  ............IP..
  0860:  c0 ed 00 00 01 01 01 01 - d5 fd b3 a3 00 01 01 01  ................
  0870:  01 00 17 86 c0 09 c8 e6 - 59 5a 53 53 48 00 00 00  ........YZSSH...
  0880:  00 00 00 00 ce b4 b5 c7 - c2 bc 00 00 b4 a2 d0 ee  ................
  0890:  cd ac b0 e6 00 00 00 00 - 00 00 00 00 00 00 00 00  ................
  08A0:  00 00 00 00 76 74 31 30 - 30 00 00 00 00 00 00 00  ....vt100.......
  08B0:  00 00 00 10 00 0e 9e ac - 00 0b 5e f7 00 22 1c e7  ..........^.."..
  08C0:  00 14 77 be 00 00 00 02 - 00 00 00 03 00 00 00 05  ..w.............
  08D0:  02 00 17 86 c0 09 c8 e7 - 59 5a 53 53 48 00 00 00  ........YZSSH...
  08E0:  00 00 00 00 d2 d1 b5 c7 - c2 bc 00 00 d6 d0 bc e4  ................
  08F0:  d2 b5 ce f1 00 00 00 00 - 00 00 00 00 00 00 00 00  ................
  0900:  00 00 00 00 76 74 31 30 - 30 00 00 00 00 00 00 00  ....vt100.......
  0910:  00 00 00 10 00 0e 9e ac - 00 0b 5e f7 00 22 1c e7  ..........^.."..
  0920:  00 14 77 be 00 00 00 02 - 00 00 00 03 00 00 00 05  ..w.............
  0930:  03 00 17 86 c0 09 c8 e8 - 59 5a 53 53 48 00 00 00  ........YZSSH...
  0940:  00 00 00 00 ce b4 b5 c7 - c2 bc 00 00 bb e3 b6 d2  ................
  0950:  00 00 00 00 00 00 00 00 - 00 00 00 00 00 00 00 00  ................
  0960:  00 00 00 29 76 74 31 30 - 30 00 20 20 20 53 57 20  ...)vt100.   SW 
  0970:  00 00 00 10 00 0e 9e ac - 00 0b 5e f7 00 22 1c e7  ..........^.."..
  0980:  00 14 77 be 00 00 00 02 - 00 00 00 03 00 00 00 05  ..w.............
  0990:  04 00 17 86 c0 09 c8 e9 - 59 5a 53 53 48 00 0a 20  ........YZSSH.. 
  09A0:  20 20 31 34 d2 d1 b5 c7 - c2 bc 00 20 bb f9 bd f0    14....... ....
  09B0:  b1 a3 cf d5 00 53 57 20 - 20 5b 63 6f 6d 6d 6f 6e  .....SW  [common
  09C0:  5f 6b 74 68 76 74 31 30 - 30 00 20 20 20 31 37 20  _kthvt100.   17 
  09D0:  00 00 00 10 00 0e 9e ac - 00 0b 5e f7 00 22 1c e7  ..........^.."..
  09E0:  00 14 77 be 00 00 00 02 - 00 00 00 03 00 00 00 05  ..w.............
  09F0:  05 00 17 86 c0 09 c8 ea - 59 5a 53 53 48 00 20 20  ........YZSSH.  
  0A00:  20 32 33 36 ce b4 b5 c7 - c2 bc 00 72 cd e2 bb e3   236.......r....
  0A10:  00 0a 20 20 31 32 34 20 - 72 6f 6f 74 20 20 20 20  ..  124 root    
  0A20:  20 20 20 20 76 74 31 30 - 30 00 20 20 2f 65 63 6f      vt100.  /eco
  0A30:  00 00 00 10 00 0e 9e ac - 00 0b 5e f7 00 22 1c e7  ..........^.."..
  0A40:  00 14 77 be 00 00 00 02 - 00 00 00 03 00 00 00 05  ..w.............
  0A50:  06 00 17 86 c0 09 c8 eb - 59 5a 53 53 48 00 20 20  ........YZSSH.  
  0A60:  20 37 38 30 d2 d1 b5 c7 - c2 bc 00 63 b4 fa c0 ed   780.......c....
  0A70:  b1 a3 cf d5 00 70 72 6f - 67 72 61 6d 2f 69 70 74  .....program/ipt
  0A80:  65 72 6d 20 76 74 31 30 - 30 00 20 72 6f 6f 74 20  erm vt100. root 
  0A90:  00 00 00 10 00 0e 9e ac - 00 0b 5e f7 00 22 1c e7  ..........^.."..
  0AA0:  00 14 77 be 00 00 00 02 - 00 00 00 03 00 00 00 05  ..w.............
  0AB0:  07 00 17 86 c0 09 c8 ec - 59 5a 53 53 48 00 31 33  ........YZSSH.13
  0AC0:  33 20 72 6f ce b4 b5 c7 - c2 bc 00 20 d4 a4 c1 f4  3 ro....... ....
  0AD0:  00 20 53 20 20 20 2f 65 - 63 6f 6d 6d 5f 75 73 65  . S   /ecomm_use
  0AE0:  72 5f 70 72 76 74 31 30 - 30 00 64 65 62 75 67 5f  r_prvt100.debug_
  0AF0:  00 00 00 10 00 0e 9e ac - 00 0b 5e f7 00 22 1c e7  ..........^.."..
  0B00:  00 14 77 be 00 00 00 02 - 00 00 00 03 00 00 00 05  ..w.............
  0B10:  08 00 17 86 c0 09 c8 ed - 59 5a 53 53 48 00 6f 67  ........YZSSH.og
  0B20:  72 61 6d 2f d2 d1 b5 c7 - c2 bc 00 68 d4 a4 c1 f4  ram/.......h....
  0B30:  00 20 31 33 35 20 72 6f - 6f 74 20 20 20 20 20 20  . 135 root      
  0B40:  20 20 37 30 76 74 31 30 - 30 00 2f 65 63 6f 6d 6d    70vt100./ecomm
  0B50:  00 00 00 10 00 0e 9e ac - 00 0b 5e f7 00 22 1c e7  ..........^.."..
  0B60:  00 14 77 be 00 00 00 02 - 00 00 00 03 00 00 00 05  ..w.............
  0B70:  09 00 17 86 c0 09 c8 ee - 59 5a 53 53 48 00 20 20  ........YZSSH.  
  0B80:  20 2f 65 63 ce b4 b5 c7 - c2 bc 00 72 d4 a4 c1 f4   /ec.......r....
  0B90:  00 72 61 6d 2f 75 73 62 - 6d 6e 67 20 0a 20 20 31  .ram/usbmng .  1
  0BA0:  33 38 20 72 76 74 31 30 - 30 00 20 20 20 20 20 33  38 rvt100.     3
  0BB0:  00 00 00 10 00 0e 9e ac - 00 0b 5e f7 00 22 1c e7  ..........^.."..
  0BC0:  00 14 77 be 00 00 00 02 - 00 00 00 03 00 00 00 05  ..w.............
  0BD0:  0a 00 17 86 c0 09 c8 ef - 59 5a 53 53 48 00 20 20  ........YZSSH.  
  0BE0:  20 20 20 20 d2 d1 b5 c7 - c2 bc 00 20 d4 a4 c1 f4      ....... ....
  0BF0:  00 6d 6d 5f 75 73 65 72 - 5f 70 72 6f 67 72 61 6d  .mm_user_program
  0C00:  2f 70 69 6e 76 74 31 30 - 30 00 20 20 31 34 30 20  /pinvt100.  140 
  0C10:  00 00 00 10 00 0e 9e ac - 00 0b 5e f7 00 22 1c e7  ..........^.."..
  0C20:  00 14 77 be 00 00 00 02 - 00 00 00 03 00 00 00 05  ..w.............
  0C30:  91 0b 01 44 00 0c 01 3c - 0c 0c 00 03 c0 09 c8 d4  ...D...<........
  0C40:  49 50 d6 d5 b6 cb 00 00 - 01 01 01 01 b2 cb b5 a5  IP..............
  0C50:  00 01 01 01 01 00 17 86 - c0 09 c8 e6 59 5a 53 53  ............YZSS
  0C60:  48 00 00 00 00 00 00 00 - ce b4 b5 c7 c2 bc 00 00  H...............
  0C70:  b4 a2 d0 ee cd ac b0 e6 - 00 00 00 00 00 00 00 00  ................
  0C80:  00 00 00 00 00 00 00 00 - 76 74 31 30 30 00 00 00  ........vt100...
  0C90:  00 00 00 00 00 00 00 10 - 00 0e 9e ac 00 0b 5e f7  ..............^.
  0CA0:  00 22 1c e7 00 14 77 be - 00 00 00 02 00 00 00 03  ."....w.........
  0CB0:  00 00 00 05 02 00 17 86 - c0 09 c8 e7 59 5a 53 53  ............YZSS
  0CC0:  48 00 00 00 00 00 00 00 - d2 d1 b5 c7 c2 bc 00 00  H...............
  0CD0:  d6 d0 bc e4 d2 b5 ce f1 - 00 00 00 00 00 00 00 00  ................
  0CE0:  00 00 00 00 00 00 00 00 - 76 74 31 30 30 00 00 00  ........vt100...
  0CF0:  00 00 00 00 00 00 00 10 - 00 0e 9e ac 00 0b 5e f7  ..............^.
  0D00:  00 22 1c e7 00 14 77 be - 00 00 00 02 00 00 00 03  ."....w.........
  0D10:  00 00 00 05 03 00 17 86 - c0 09 c8 e8 59 5a 53 53  ............YZSS
  0D20:  48 00 00 00 00 00 00 00 - ce b4 b5 c7 c2 bc 00 00  H...............
  0D30:  bb e3 b6 d2 00 00 00 00 - 00 00 00 00 00 00 00 00  ................
  0D40:  00 00 00 00 00 00 00 29 - 76 74 31 30 30 00 20 20  .......)vt100.  
  0D50:  20 53 57 20 00 00 00 10 - 00 0e 9e ac 00 0b 5e f7   SW ..........^.
  0D60:  00 22 1c e7 00 14 77 be - 00 00 00 02 00 00 00 03  ."....w.........
  0D70:  00 00 00 05 91 0b 03 24 - 00 0d 03 1c 0d 0d 00 08  .......$........
  0D80:  c0 09 c8 d5 49 50 b4 fa - c0 ed 00 00 01 01 01 01  ....IP..........
  0D90:  d5 fd b3 a3 00 01 01 01 - 01 00 17 86 c0 09 c8 e6  ................
  0DA0:  59 5a 53 53 48 00 00 00 - 00 00 00 00 ce b4 b5 c7  YZSSH...........
  0DB0:  c2 bc 00 00 b4 a2 d0 ee - cd ac b0 e6 00 00 00 00  ................
  0DC0:  00 00 00 00 00 00 00 00 - 00 00 00 00 76 74 31 30  ............vt10
  0DD0:  30 00 00 00 00 00 00 00 - 00 00 00 10 00 0e 9e ac  0...............
  0DE0:  00 0b 5e f7 00 22 1c e7 - 00 14 77 be 00 00 00 02  ..^.."....w.....
  0DF0:  00 00 00 03 00 00 00 05 - 02 00 17 86 c0 09 c8 e7  ................
  0E00:  59 5a 53 53 48 00 00 00 - 00 00 00 00 d2 d1 b5 c7  YZSSH...........
  0E10:  c2 bc 00 00 d6 d0 bc e4 - d2 b5 ce f1 00 00 00 00  ................
  0E20:  00 00 00 00 00 00 00 00 - 00 00 00 00 76 74 31 30  ............vt10
  0E30:  30 00 00 00 00 00 00 00 - 00 00 00 10 00 0e 9e ac  0...............
  0E40:  00 0b 5e f7 00 22 1c e7 - 00 14 77 be 00 00 00 02  ..^.."....w.....
  0E50:  00 00 00 03 00 00 00 05 - 03 00 17 86 c0 09 c8 e8  ................
  0E60:  59 5a 53 53 48 00 00 00 - 00 00 00 00 ce b4 b5 c7  YZSSH...........
  0E70:  c2 bc 00 00 bb e3 b6 d2 - 00 00 00 00 00 00 00 00  ................
  0E80:  00 00 00 00 00 00 00 00 - 00 00 00 29 76 74 31 30  ...........)vt10
  0E90:  30 00 20 20 20 53 57 20 - 00 00 00 10 00 0e 9e ac  0.   SW ........
  0EA0:  00 0b 5e f7 00 22 1c e7 - 00 14 77 be 00 00 00 02  ..^.."....w.....
  0EB0:  00 00 00 03 00 00 00 05 - 04 00 17 86 c0 09 c8 e9  ................
  0EC0:  59 5a 53 53 48 00 0a 20 - 20 20 31 34 d2 d1 b5 c7  YZSSH..   14....
  0ED0:  c2 bc 00 20 bb f9 bd f0 - b1 a3 cf d5 00 53 57 20  ... .........SW 
  0EE0:  20 5b 63 6f 6d 6d 6f 6e - 5f 6b 74 68 76 74 31 30   [common_kthvt10
  0EF0:  30 00 20 20 20 31 37 20 - 00 00 00 10 00 0e 9e ac  0.   17 ........
  0F00:  00 0b 5e f7 00 22 1c e7 - 00 14 77 be 00 00 00 02  ..^.."....w.....
  0F10:  00 00 00 03 00 00 00 05 - 05 00 17 86 c0 09 c8 ea  ................
  0F20:  59 5a 53 53 48 00 20 20 - 20 32 33 36 ce b4 b5 c7  YZSSH.   236....
  0F30:  c2 bc 00 72 cd e2 bb e3 - 00 0a 20 20 31 32 34 20  ...r......  124 
  0F40:  72 6f 6f 74 20 20 20 20 - 20 20 20 20 76 74 31 30  root        vt10
  0F50:  30 00 20 20 2f 65 63 6f - 00 00 00 10 00 0e 9e ac  0.  /eco........
  0F60:  00 0b 5e f7 00 22 1c e7 - 00 14 77 be 00 00 00 02  ..^.."....w.....
  0F70:  00 00 00 03 00 00 00 05 - 06 00 17 86 c0 09 c8 eb  ................
  0F80:  59 5a 53 53 48 00 20 20 - 20 37 38 30 d2 d1 b5 c7  YZSSH.   780....
  0F90:  c2 bc 00 63 b4 fa c0 ed - b1 a3 cf d5 00 70 72 6f  ...c.........pro
  0FA0:  67 72 61 6d 2f 69 70 74 - 65 72 6d 20 76 74 31 30  gram/ipterm vt10
  0FB0:  30 00 20 72 6f 6f 74 20 - 00 00 00 10 00 0e 9e ac  0. root ........
  0FC0:  00 0b 5e f7 00 22 1c e7 - 00 14 77 be 00 00 00 02  ..^.."....w.....
  0FD0:  00 00 00 03 00 00 00 05 - 07 00 17 86 c0 09 c8 ec  ................
  0FE0:  59 5a 53 53 48 00 31 33 - 33 20 72 6f ce b4 b5 c7  YZSSH.133 ro....
  0FF0:  c2 bc 00 20 d4 a4 c1 f4 - 00 20 53 20 20 20 2f 65  ... ..... S   /e
  1000:  63 6f 6d 6d 5f 75 73 65 - 72 5f 70 72 76 74 31 30  comm_user_prvt10
  1010:  30 00 64 65 62 75 67 5f - 00 00 00 10 00 0e 9e ac  0.debug_........
  1020:  00 0b 5e f7 00 22 1c e7 - 00 14 77 be 00 00 00 02  ..^.."....w.....
  1030:  00 00 00 03 00 00 00 05 - 08 00 17 86 c0 09 c8 ed  ................
  1040:  59 5a 53 53 48 00 6f 67 - 72 61 6d 2f d2 d1 b5 c7  YZSSH.ogram/....
  1050:  c2 bc 00 68 d4 a4 c1 f4 - 00 20 31 33 35 20 72 6f  ...h..... 135 ro
  1060:  6f 74 20 20 20 20 20 20 - 20 20 37 30 76 74 31 30  ot        70vt10
  1070:  30 00 2f 65 63 6f 6d 6d - 00 00 00 10 00 0e 9e ac  0./ecomm........
  1080:  00 0b 5e f7 00 22 1c e7 - 00 14 77 be 00 00 00 02  ..^.."....w.....
  1090:  00 00 00 03 00 00 00 05                            ........
22:23:31 [165999901] 发送客户端状态应答[intf=IPTERM14口信息 len=516(C-0)]
22:23:31 [165999901] 发送客户端状态应答[intf=IPTERM15口信息 len=516(C-0)]
22:23:31 [165999901] 发送客户端状态应答[intf=IPTERM16口信息 len=420(C-0)]
22:23:31 [165999901] 发送客户端状态应答[intf=IPTERM17口信息 len=996(C-0)]
22:23:31 [165999901] 发送客户端状态应答[intf=IPTERM18口信息 len=516(C-0)]
22:23:31 [165999901] 发送2964字节
22:23:31 [165999901] (发送数据为:)
  0000:  91 0b 02 04 00 0e 01 fc - 0e 0e 00 05 c0 09 c8 d6  ................
  0010:  49 50 d6 d5 b6 cb 00 00 - 01 01 01 01 b2 cb b5 a5  IP..............
  0020:  00 01 01 01 01 00 17 86 - c0 09 c8 e6 59 5a 53 53  ............YZSS
  0030:  48 00 00 00 00 00 00 00 - ce b4 b5 c7 c2 bc 00 00  H...............
  0040:  b4 a2 d0 ee cd ac b0 e6 - 00 00 00 00 00 00 00 00  ................
  0050:  00 00 00 00 00 00 00 00 - 76 74 31 30 30 00 00 00  ........vt100...
  0060:  00 00 00 00 00 00 00 10 - 00 0e 9e ac 00 0b 5e f7  ..............^.
  0070:  00 22 1c e7 00 14 77 be - 00 00 00 02 00 00 00 03  ."....w.........
  0080:  00 00 00 05 02 00 17 86 - c0 09 c8 e7 59 5a 53 53  ............YZSS
  0090:  48 00 00 00 00 00 00 00 - d2 d1 b5 c7 c2 bc 00 00  H...............
  00A0:  d6 d0 bc e4 d2 b5 ce f1 - 00 00 00 00 00 00 00 00  ................
  00B0:  00 00 00 00 00 00 00 00 - 76 74 31 30 30 00 00 00  ........vt100...
  00C0:  00 00 00 00 00 00 00 10 - 00 0e 9e ac 00 0b 5e f7  ..............^.
  00D0:  00 22 1c e7 00 14 77 be - 00 00 00 02 00 00 00 03  ."....w.........
  00E0:  00 00 00 05 03 00 17 86 - c0 09 c8 e8 59 5a 53 53  ............YZSS
  00F0:  48 00 00 00 00 00 00 00 - ce b4 b5 c7 c2 bc 00 00  H...............
  0100:  bb e3 b6 d2 00 00 00 00 - 00 00 00 00 00 00 00 00  ................
  0110:  00 00 00 00 00 00 00 29 - 76 74 31 30 30 00 20 20  .......)vt100.  
  0120:  20 53 57 20 00 00 00 10 - 00 0e 9e ac 00 0b 5e f7   SW ..........^.
  0130:  00 22 1c e7 00 14 77 be - 00 00 00 02 00 00 00 03  ."....w.........
  0140:  00 00 00 05 04 00 17 86 - c0 09 c8 e9 59 5a 53 53  ............YZSS
  0150:  48 00 0a 20 20 20 31 34 - d2 d1 b5 c7 c2 bc 00 20  H..   14....... 
  0160:  bb f9 bd f0 b1 a3 cf d5 - 00 53 57 20 20 5b 63 6f  .........SW  [co
  0170:  6d 6d 6f 6e 5f 6b 74 68 - 76 74 31 30 30 00 20 20  mmon_kthvt100.  
  0180:  20 31 37 20 00 00 00 10 - 00 0e 9e ac 00 0b 5e f7   17 ..........^.
  0190:  00 22 1c e7 00 14 77 be - 00 00 00 02 00 00 00 03  ."....w.........
  01A0:  00 00 00 05 05 00 17 86 - c0 09 c8 ea 59 5a 53 53  ............YZSS
  01B0:  48 00 20 20 20 32 33 36 - ce b4 b5 c7 c2 bc 00 72  H.   236.......r
  01C0:  cd e2 bb e3 00 0a 20 20 - 31 32 34 20 72 6f 6f 74  ......  124 root
  01D0:  20 20 20 20 20 20 20 20 - 76 74 31 30 30 00 20 20          vt100.  
  01E0:  2f 65 63 6f 00 00 00 10 - 00 0e 9e ac 00 0b 5e f7  /eco..........^.
  01F0:  00 22 1c e7 00 14 77 be - 00 00 00 02 00 00 00 03  ."....w.........
  0200:  00 00 00 05 91 0b 02 04 - 00 0f 01 fc 0f 0f 00 05  ................
  0210:  c0 09 c8 d7 49 50 b4 fa - c0 ed 00 00 01 01 01 01  ....IP..........
  0220:  b2 cb b5 a5 00 01 01 01 - 01 00 17 86 c0 09 c8 e6  ................
  0230:  59 5a 53 53 48 00 00 00 - 00 00 00 00 ce b4 b5 c7  YZSSH...........
  0240:  c2 bc 00 00 b4 a2 d0 ee - cd ac b0 e6 00 00 00 00  ................
  0250:  00 00 00 00 00 00 00 00 - 00 00 00 00 76 74 31 30  ............vt10
  0260:  30 00 00 00 00 00 00 00 - 00 00 00 10 00 0e 9e ac  0...............
  0270:  00 0b 5e f7 00 22 1c e7 - 00 14 77 be 00 00 00 02  ..^.."....w.....
  0280:  00 00 00 03 00 00 00 05 - 02 00 17 86 c0 09 c8 e7  ................
  0290:  59 5a 53 53 48 00 00 00 - 00 00 00 00 d2 d1 b5 c7  YZSSH...........
  02A0:  c2 bc 00 00 d6 d0 bc e4 - d2 b5 ce f1 00 00 00 00  ................
  02B0:  00 00 00 00 00 00 00 00 - 00 00 00 00 76 74 31 30  ............vt10
  02C0:  30 00 00 00 00 00 00 00 - 00 00 00 10 00 0e 9e ac  0...............
  02D0:  00 0b 5e f7 00 22 1c e7 - 00 14 77 be 00 00 00 02  ..^.."....w.....
  02E0:  00 00 00 03 00 00 00 05 - 03 00 17 86 c0 09 c8 e8  ................
  02F0:  59 5a 53 53 48 00 00 00 - 00 00 00 00 ce b4 b5 c7  YZSSH...........
  0300:  c2 bc 00 00 bb e3 b6 d2 - 00 00 00 00 00 00 00 00  ................
  0310:  00 00 00 00 00 00 00 00 - 00 00 00 29 76 74 31 30  ...........)vt10
  0320:  30 00 20 20 20 53 57 20 - 00 00 00 10 00 0e 9e ac  0.   SW ........
  0330:  00 0b 5e f7 00 22 1c e7 - 00 14 77 be 00 00 00 02  ..^.."....w.....
  0340:  00 00 00 03 00 00 00 05 - 04 00 17 86 c0 09 c8 e9  ................
  0350:  59 5a 53 53 48 00 0a 20 - 20 20 31 34 d2 d1 b5 c7  YZSSH..   14....
  0360:  c2 bc 00 20 bb f9 bd f0 - b1 a3 cf d5 00 53 57 20  ... .........SW 
  0370:  20 5b 63 6f 6d 6d 6f 6e - 5f 6b 74 68 76 74 31 30   [common_kthvt10
  0380:  30 00 20 20 20 31 37 20 - 00 00 00 10 00 0e 9e ac  0.   17 ........
  0390:  00 0b 5e f7 00 22 1c e7 - 00 14 77 be 00 00 00 02  ..^.."....w.....
  03A0:  00 00 00 03 00 00 00 05 - 05 00 17 86 c0 09 c8 ea  ................
  03B0:  59 5a 53 53 48 00 20 20 - 20 32 33 36 ce b4 b5 c7  YZSSH.   236....
  03C0:  c2 bc 00 72 cd e2 bb e3 - 00 0a 20 20 31 32 34 20  ...r......  124 
  03D0:  72 6f 6f 74 20 20 20 20 - 20 20 20 20 76 74 31 30  root        vt10
  03E0:  30 00 20 20 2f 65 63 6f - 00 00 00 10 00 0e 9e ac  0.  /eco........
  03F0:  00 0b 5e f7 00 22 1c e7 - 00 14 77 be 00 00 00 02  ..^.."....w.....
  0400:  00 00 00 03 00 00 00 05 - 91 0b 01 a4 00 10 01 9c  ................
  0410:  10 10 00 04 c0 09 c8 d8 - 49 50 d6 d5 b6 cb 00 00  ........IP......
  0420:  01 01 01 01 d5 fd b3 a3 - 00 01 01 01 01 00 17 86  ................
  0430:  c0 09 c8 e6 59 5a 53 53 - 48 00 00 00 00 00 00 00  ....YZSSH.......
  0440:  ce b4 b5 c7 c2 bc 00 00 - b4 a2 d0 ee cd ac b0 e6  ................
  0450:  00 00 00 00 00 00 00 00 - 00 00 00 00 00 00 00 00  ................
  0460:  76 74 31 30 30 00 00 00 - 00 00 00 00 00 00 00 10  vt100...........
  0470:  00 0e 9e ac 00 0b 5e f7 - 00 22 1c e7 00 14 77 be  ......^.."....w.
  0480:  00 00 00 02 00 00 00 03 - 00 00 00 05 02 00 17 86  ................
  0490:  c0 09 c8 e7 59 5a 53 53 - 48 00 00 00 00 00 00 00  ....YZSSH.......
  04A0:  d2 d1 b5 c7 c2 bc 00 00 - d6 d0 bc e4 d2 b5 ce f1  ................
  04B0:  00 00 00 00 00 00 00 00 - 00 00 00 00 00 00 00 00  ................
  04C0:  76 74 31 30 30 00 00 00 - 00 00 00 00 00 00 00 10  vt100...........
  04D0:  00 0e 9e ac 00 0b 5e f7 - 00 22 1c e7 00 14 77 be  ......^.."....w.
  04E0:  00 00 00 02 00 00 00 03 - 00 00 00 05 03 00 17 86  ................
  04F0:  c0 09 c8 e8 59 5a 53 53 - 48 00 00 00 00 00 00 00  ....YZSSH.......
  0500:  ce b4 b5 c7 c2 bc 00 00 - bb e3 b6 d2 00 00 00 00  ................
  0510:  00 00 00 00 00 00 00 00 - 00 00 00 00 00 00 00 29  ...............)
  0520:  76 74 31 30 30 00 20 20 - 20 53 57 20 00 00 00 10  vt100.   SW ....
  0530:  00 0e 9e ac 00 0b 5e f7 - 00 22 1c e7 00 14 77 be  ......^.."....w.
  0540:  00 00 00 02 00 00 00 03 - 00 00 00 05 04 00 17 86  ................
  0550:  c0 09 c8 e9 59 5a 53 53 - 48 00 0a 20 20 20 31 34  ....YZSSH..   14
  0560:  d2 d1 b5 c7 c2 bc 00 20 - bb f9 bd f0 b1 a3 cf d5  ....... ........
  0570:  00 53 57 20 20 5b 63 6f - 6d 6d 6f 6e 5f 6b 74 68  .SW  [common_kth
  0580:  76 74 31 30 30 00 20 20 - 20 31 37 20 00 00 00 10  vt100.   17 ....
  0590:  00 0e 9e ac 00 0b 5e f7 - 00 22 1c e7 00 14 77 be  ......^.."....w.
  05A0:  00 00 00 02 00 00 00 03 - 00 00 00 05 91 0b 03 e4  ................
  05B0:  00 11 03 dc 11 11 00 0a - c0 09 c8 d9 49 50 b4 fa  ............IP..
  05C0:  c0 ed 00 00 01 01 01 01 - d5 fd b3 a3 00 01 01 01  ................
  05D0:  01 00 17 86 c0 09 c8 e6 - 59 5a 53 53 48 00 00 00  ........YZSSH...
  05E0:  00 00 00 00 ce b4 b5 c7 - c2 bc 00 00 b4 a2 d0 ee  ................
  05F0:  cd ac b0 e6 00 00 00 00 - 00 00 00 00 00 00 00 00  ................
  0600:  00 00 00 00 76 74 31 30 - 30 00 00 00 00 00 00 00  ....vt100.......
  0610:  00 00 00 10 00 0e 9e ac - 00 0b 5e f7 00 22 1c e7  ..........^.."..
  0620:  00 14 77 be 00 00 00 02 - 00 00 00 03 00 00 00 05  ..w.............
  0630:  02 00 17 86 c0 09 c8 e7 - 59 5a 53 53 48 00 00 00  ........YZSSH...
  0640:  00 00 00 00 d2 d1 b5 c7 - c2 bc 00 00 d6 d0 bc e4  ................
  0650:  d2 b5 ce f1 00 00 00 00 - 00 00 00 00 00 00 00 00  ................
  0660:  00 00 00 00 76 74 31 30 - 30 00 00 00 00 00 00 00  ....vt100.......
  0670:  00 00 00 10 00 0e 9e ac - 00 0b 5e f7 00 22 1c e7  ..........^.."..
  0680:  00 14 77 be 00 00 00 02 - 00 00 00 03 00 00 00 05  ..w.............
  0690:  03 00 17 86 c0 09 c8 e8 - 59 5a 53 53 48 00 00 00  ........YZSSH...
  06A0:  00 00 00 00 ce b4 b5 c7 - c2 bc 00 00 bb e3 b6 d2  ................
  06B0:  00 00 00 00 00 00 00 00 - 00 00 00 00 00 00 00 00  ................
  06C0:  00 00 00 29 76 74 31 30 - 30 00 20 20 20 53 57 20  ...)vt100.   SW 
  06D0:  00 00 00 10 00 0e 9e ac - 00 0b 5e f7 00 22 1c e7  ..........^.."..
  06E0:  00 14 77 be 00 00 00 02 - 00 00 00 03 00 00 00 05  ..w.............
  06F0:  04 00 17 86 c0 09 c8 e9 - 59 5a 53 53 48 00 0a 20  ........YZSSH.. 
  0700:  20 20 31 34 d2 d1 b5 c7 - c2 bc 00 20 bb f9 bd f0    14....... ....
  0710:  b1 a3 cf d5 00 53 57 20 - 20 5b 63 6f 6d 6d 6f 6e  .....SW  [common
  0720:  5f 6b 74 68 76 74 31 30 - 30 00 20 20 20 31 37 20  _kthvt100.   17 
  0730:  00 00 00 10 00 0e 9e ac - 00 0b 5e f7 00 22 1c e7  ..........^.."..
  0740:  00 14 77 be 00 00 00 02 - 00 00 00 03 00 00 00 05  ..w.............
  0750:  05 00 17 86 c0 09 c8 ea - 59 5a 53 53 48 00 20 20  ........YZSSH.  
  0760:  20 32 33 36 ce b4 b5 c7 - c2 bc 00 72 cd e2 bb e3   236.......r....
  0770:  00 0a 20 20 31 32 34 20 - 72 6f 6f 74 20 20 20 20  ..  124 root    
  0780:  20 20 20 20 76 74 31 30 - 30 00 20 20 2f 65 63 6f      vt100.  /eco
  0790:  00 00 00 10 00 0e 9e ac - 00 0b 5e f7 00 22 1c e7  ..........^.."..
  07A0:  00 14 77 be 00 00 00 02 - 00 00 00 03 00 00 00 05  ..w.............
  07B0:  06 00 17 86 c0 09 c8 eb - 59 5a 53 53 48 00 20 20  ........YZSSH.  
  07C0:  20 37 38 30 d2 d1 b5 c7 - c2 bc 00 63 b4 fa c0 ed   780.......c....
  07D0:  b1 a3 cf d5 00 70 72 6f - 67 72 61 6d 2f 69 70 74  .....program/ipt
  07E0:  65 72 6d 20 76 74 31 30 - 30 00 20 72 6f 6f 74 20  erm vt100. root 
  07F0:  00 00 00 10 00 0e 9e ac - 00 0b 5e f7 00 22 1c e7  ..........^.."..
  0800:  00 14 77 be 00 00 00 02 - 00 00 00 03 00 00 00 05  ..w.............
  0810:  07 00 17 86 c0 09 c8 ec - 59 5a 53 53 48 00 31 33  ........YZSSH.13
  0820:  33 20 72 6f ce b4 b5 c7 - c2 bc 00 20 d4 a4 c1 f4  3 ro....... ....
  0830:  00 20 53 20 20 20 2f 65 - 63 6f 6d 6d 5f 75 73 65  . S   /ecomm_use
  0840:  72 5f 70 72 76 74 31 30 - 30 00 64 65 62 75 67 5f  r_prvt100.debug_
  0850:  00 00 00 10 00 0e 9e ac - 00 0b 5e f7 00 22 1c e7  ..........^.."..
  0860:  00 14 77 be 00 00 00 02 - 00 00 00 03 00 00 00 05  ..w.............
  0870:  08 00 17 86 c0 09 c8 ed - 59 5a 53 53 48 00 6f 67  ........YZSSH.og
  0880:  72 61 6d 2f d2 d1 b5 c7 - c2 bc 00 68 d4 a4 c1 f4  ram/.......h....
  0890:  00 20 31 33 35 20 72 6f - 6f 74 20 20 20 20 20 20  . 135 root      
  08A0:  20 20 37 30 76 74 31 30 - 30 00 2f 65 63 6f 6d 6d    70vt100./ecomm
  08B0:  00 00 00 10 00 0e 9e ac - 00 0b 5e f7 00 22 1c e7  ..........^.."..
  08C0:  00 14 77 be 00 00 00 02 - 00 00 00 03 00 00 00 05  ..w.............
  08D0:  09 00 17 86 c0 09 c8 ee - 59 5a 53 53 48 00 20 20  ........YZSSH.  
  08E0:  20 2f 65 63 ce b4 b5 c7 - c2 bc 00 72 d4 a4 c1 f4   /ec.......r....
  08F0:  00 72 61 6d 2f 75 73 62 - 6d 6e 67 20 0a 20 20 31  .ram/usbmng .  1
  0900:  33 38 20 72 76 74 31 30 - 30 00 20 20 20 20 20 33  38 rvt100.     3
  0910:  00 00 00 10 00 0e 9e ac - 00 0b 5e f7 00 22 1c e7  ..........^.."..
  0920:  00 14 77 be 00 00 00 02 - 00 00 00 03 00 00 00 05  ..w.............
  0930:  0a 00 17 86 c0 09 c8 ef - 59 5a 53 53 48 00 20 20  ........YZSSH.  
  0940:  20 20 20 20 d2 d1 b5 c7 - c2 bc 00 20 d4 a4 c1 f4      ....... ....
  0950:  00 6d 6d 5f 75 73 65 72 - 5f 70 72 6f 67 72 61 6d  .mm_user_program
  0960:  2f 70 69 6e 76 74 31 30 - 30 00 20 20 31 34 30 20  /pinvt100.  140 
  0970:  00 00 00 10 00 0e 9e ac - 00 0b 5e f7 00 22 1c e7  ..........^.."..
  0980:  00 14 77 be 00 00 00 02 - 00 00 00 03 00 00 00 05  ..w.............
  0990:  91 0b 02 04 00 12 01 fc - 12 12 00 05 c0 09 c8 da  ................
  09A0:  49 50 d6 d5 b6 cb 00 00 - 01 01 01 01 b2 cb b5 a5  IP..............
  09B0:  00 01 01 01 01 00 17 86 - c0 09 c8 e6 59 5a 53 53  ............YZSS
  09C0:  48 00 00 00 00 00 00 00 - ce b4 b5 c7 c2 bc 00 00  H...............
  09D0:  b4 a2 d0 ee cd ac b0 e6 - 00 00 00 00 00 00 00 00  ................
  09E0:  00 00 00 00 00 00 00 00 - 76 74 31 30 30 00 00 00  ........vt100...
  09F0:  00 00 00 00 00 00 00 10 - 00 0e 9e ac 00 0b 5e f7  ..............^.
  0A00:  00 22 1c e7 00 14 77 be - 00 00 00 02 00 00 00 03  ."....w.........
  0A10:  00 00 00 05 02 00 17 86 - c0 09 c8 e7 59 5a 53 53  ............YZSS
  0A20:  48 00 00 00 00 00 00 00 - d2 d1 b5 c7 c2 bc 00 00  H...............
  0A30:  d6 d0 bc e4 d2 b5 ce f1 - 00 00 00 00 00 00 00 00  ................
  0A40:  00 00 00 00 00 00 00 00 - 76 74 31 30 30 00 00 00  ........vt100...
  0A50:  00 00 00 00 00 00 00 10 - 00 0e 9e ac 00 0b 5e f7  ..............^.
  0A60:  00 22 1c e7 00 14 77 be - 00 00 00 02 00 00 00 03  ."....w.........
  0A70:  00 00 00 05 03 00 17 86 - c0 09 c8 e8 59 5a 53 53  ............YZSS
  0A80:  48 00 00 00 00 00 00 00 - ce b4 b5 c7 c2 bc 00 00  H...............
  0A90:  bb e3 b6 d2 00 00 00 00 - 00 00 00 00 00 00 00 00  ................
  0AA0:  00 00 00 00 00 00 00 29 - 76 74 31 30 30 00 20 20  .......)vt100.  
  0AB0:  20 53 57 20 00 00 00 10 - 00 0e 9e ac 00 0b 5e f7   SW ..........^.
  0AC0:  00 22 1c e7 00 14 77 be - 00 00 00 02 00 00 00 03  ."....w.........
  0AD0:  00 00 00 05 04 00 17 86 - c0 09 c8 e9 59 5a 53 53  ............YZSS
  0AE0:  48 00 0a 20 20 20 31 34 - d2 d1 b5 c7 c2 bc 00 20  H..   14....... 
  0AF0:  bb f9 bd f0 b1 a3 cf d5 - 00 53 57 20 20 5b 63 6f  .........SW  [co
  0B00:  6d 6d 6f 6e 5f 6b 74 68 - 76 74 31 30 30 00 20 20  mmon_kthvt100.  
  0B10:  20 31 37 20 00 00 00 10 - 00 0e 9e ac 00 0b 5e f7   17 ..........^.
  0B20:  00 22 1c e7 00 14 77 be - 00 00 00 02 00 00 00 03  ."....w.........
  0B30:  00 00 00 05 05 00 17 86 - c0 09 c8 ea 59 5a 53 53  ............YZSS
  0B40:  48 00 20 20 20 32 33 36 - ce b4 b5 c7 c2 bc 00 72  H.   236.......r
  0B50:  cd e2 bb e3 00 0a 20 20 - 31 32 34 20 72 6f 6f 74  ......  124 root
  0B60:  20 20 20 20 20 20 20 20 - 76 74 31 30 30 00 20 20          vt100.  
  0B70:  2f 65 63 6f 00 00 00 10 - 00 0e 9e ac 00 0b 5e f7  /eco..........^.
  0B80:  00 22 1c e7 00 14 77 be - 00 00 00 02 00 00 00 03  ."....w.........
  0B90:  00 00 00 05                                        ....
22:23:32 [165999901] 读取8字节
22:23:32 [165999901] (读取数据为:)
  0000:  11 ff 00 08 00 00 00 00                            ........
22:23:32 [165999901] 收到客户端状态请求[intf=本次接收完成]
22:23:32 [165999901] 发送客户端状态应答[intf=本次接收完成 len=8(C-0)]
22:23:32 [165999901] 发送8字节
22:23:32 [165999901] (发送数据为:)
  0000:  91 ff 00 08 00 00 00 00                            ........
22:23:32 [165999901] 读取数据完成,被对端关闭
22:23:32 [21138] 本次子进程回收全部完成1(0/1/1).
22:23:32 [21138] fork子进程结束[2019-05-16 22:23:32]，总数=1，耗时=17秒
